;  LST file generated by mikroListExporter - v.2.0 
; Date/Time: 7/10/2020 2:47:41 PM
;----------------------------------------------

;Address Opcode 	ASM
0x0000	0x2A60      	GOTO       608
_I2C_Master_Wait:
;I2C.c,12 :: 		void I2C_Master_Wait(){
;I2C.c,13 :: 		while ((SSPSTAT & 0x04) || (SSPCON2 & 0x1F));
L_I2C_Master_Wait0:
0x0003	0x1683      	BSF        STATUS, 5
0x0004	0x1303      	BCF        STATUS, 6
0x0005	0x1914      	BTFSC      SSPSTAT, 2
0x0006	0x280D      	GOTO       L__I2C_Master_Wait6
0x0007	0x301F      	MOVLW      31
0x0008	0x0511      	ANDWF      SSPCON2, 0
0x0009	0x00F0      	MOVWF      R0
0x000A	0x1D03      	BTFSS      STATUS, 2
0x000B	0x280D      	GOTO       L__I2C_Master_Wait6
0x000C	0x280E      	GOTO       L_I2C_Master_Wait1
L__I2C_Master_Wait6:
0x000D	0x2803      	GOTO       L_I2C_Master_Wait0
L_I2C_Master_Wait1:
;I2C.c,14 :: 		}
L_end_I2C_Master_Wait:
0x000E	0x0008      	RETURN
; end of _I2C_Master_Wait
_RES032:
;__Lib_MathDouble.c,123 :: 		
;__Lib_MathDouble.c,128 :: 		
0x000F	0x01F2      	CLRF       R2
;__Lib_MathDouble.c,129 :: 		
0x0010	0x01F1      	CLRF       R1
;__Lib_MathDouble.c,130 :: 		
0x0011	0x01F0      	CLRF       R0
;__Lib_MathDouble.c,131 :: 		
0x0012	0x01F8      	CLRF       R8
;__Lib_MathDouble.c,132 :: 		
0x0013	0x01F3      	CLRF       R3
;__Lib_MathDouble.c,133 :: 		
0x0014	0x3000      	MOVLW      0
;__Lib_MathDouble.c,135 :: 		
L_end_RES032:
0x0015	0x0008      	RETURN
; end of _RES032
_SETFUN32:
;__Lib_MathDouble.c,138 :: 		
;__Lib_MathDouble.c,145 :: 		
0x0016	0x157B      	BSF        R11, 2
;__Lib_MathDouble.c,146 :: 		
0x0017	0x1FFB      	BTFSS      R11, 7
;__Lib_MathDouble.c,147 :: 		
0x0018	0x2820      	GOTO       SETFUN32EEE
;__Lib_MathDouble.c,148 :: 		
0x0019	0x3001      	MOVLW      1
;__Lib_MathDouble.c,149 :: 		
0x001A	0x00F3      	MOVWF      R3
;__Lib_MathDouble.c,150 :: 		
0x001B	0x01F2      	CLRF       R2
;__Lib_MathDouble.c,151 :: 		
0x001C	0x01F1      	CLRF       R1
;__Lib_MathDouble.c,152 :: 		
0x001D	0x01F0      	CLRF       R0
;__Lib_MathDouble.c,153 :: 		
0x001E	0x0DFA      	RLF        R10, 1
;__Lib_MathDouble.c,154 :: 		
0x001F	0x0CF2      	RRF        R2, 1
;__Lib_MathDouble.c,155 :: 		
SETFUN32EEE:
;__Lib_MathDouble.c,156 :: 		
0x0020	0x30FF      	MOVLW      255
;__Lib_MathDouble.c,158 :: 		
L_end_SETFUN32:
0x0021	0x0008      	RETURN
; end of _SETFUN32
_FIXSIGN32:
;__Lib_MathDouble.c,112 :: 		
;__Lib_MathDouble.c,116 :: 		
0x0022	0x1FFA      	BTFSS      R10, 7
;__Lib_MathDouble.c,117 :: 		
0x0023	0x13F2      	BCF        R2, 7
;__Lib_MathDouble.c,118 :: 		
0x0024	0x3000      	MOVLW      0
;__Lib_MathDouble.c,120 :: 		
L_end_FIXSIGN32:
0x0025	0x0008      	RETURN
; end of _FIXSIGN32
_I2C_NACK:
;I2C.c,36 :: 		void I2C_NACK(){
;I2C.c,38 :: 		ACKDT_bit=1;      // THe signal is NACk
0x0026	0x1683      	BSF        STATUS, 5
0x0027	0x1303      	BCF        STATUS, 6
0x0028	0x1691      	BSF        ACKDT_bit, BitPos(ACKDT_bit+0)
;I2C.c,39 :: 		ACKEN_bit=1; //send NACK
0x0029	0x1611      	BSF        ACKEN_bit, BitPos(ACKEN_bit+0)
;I2C.c,40 :: 		I2C_Master_Wait();
0x002A	0x2003      	CALL       _I2C_Master_Wait
;I2C.c,41 :: 		}
L_end_I2C_NACK:
0x002B	0x0008      	RETURN
; end of _I2C_NACK
_SETFOV32:
;__Lib_MathDouble.c,79 :: 		
;__Lib_MathDouble.c,86 :: 		
0x002C	0x14FB      	BSF        R11, 1
;__Lib_MathDouble.c,87 :: 		
0x002D	0x1FFB      	BTFSS      R11, 7
;__Lib_MathDouble.c,88 :: 		
0x002E	0x2836      	GOTO       SETFOV32EEE
;__Lib_MathDouble.c,89 :: 		
0x002F	0x30FF      	MOVLW      255
;__Lib_MathDouble.c,90 :: 		
0x0030	0x00F3      	MOVWF      R3
;__Lib_MathDouble.c,91 :: 		
0x0031	0x00F2      	MOVWF      R2
;__Lib_MathDouble.c,92 :: 		
0x0032	0x00F1      	MOVWF      R1
;__Lib_MathDouble.c,93 :: 		
0x0033	0x00F0      	MOVWF      R0
;__Lib_MathDouble.c,94 :: 		
0x0034	0x0DFA      	RLF        R10, 1
;__Lib_MathDouble.c,95 :: 		
0x0035	0x0CF2      	RRF        R2, 1
;__Lib_MathDouble.c,96 :: 		
SETFOV32EEE:
;__Lib_MathDouble.c,97 :: 		
0x0036	0x30FF      	MOVLW      255
;__Lib_MathDouble.c,99 :: 		
L_end_SETFOV32:
0x0037	0x0008      	RETURN
; end of _SETFOV32
_SETIOV3224:
;__Lib_MathDouble.c,1000 :: 		
;__Lib_MathDouble.c,1006 :: 		
0x0038	0x147B      	BSF        R11, 0
;__Lib_MathDouble.c,1007 :: 		
0x0039	0x1FFB      	BTFSS      R11, 7
;__Lib_MathDouble.c,1008 :: 		
0x003A	0x2843      	GOTO       SETIOV3224EEE
;__Lib_MathDouble.c,1010 :: 		
0x003B	0x01F2      	CLRF       R2
;__Lib_MathDouble.c,1011 :: 		
0x003C	0x1FFA      	BTFSS      R10, 7
;__Lib_MathDouble.c,1012 :: 		
0x003D	0x30FF      	MOVLW      255
;__Lib_MathDouble.c,1013 :: 		
0x003E	0x00F2      	MOVWF      R2
;__Lib_MathDouble.c,1014 :: 		
0x003F	0x00F1      	MOVWF      R1
;__Lib_MathDouble.c,1015 :: 		
0x0040	0x00F0      	MOVWF      R0
;__Lib_MathDouble.c,1016 :: 		
0x0041	0x0DFA      	RLF        R10, 1
;__Lib_MathDouble.c,1017 :: 		
0x0042	0x0CF2      	RRF        R2, 1
;__Lib_MathDouble.c,1018 :: 		
SETIOV3224EEE:
;__Lib_MathDouble.c,1019 :: 		
0x0043	0x30FF      	MOVLW      255
;__Lib_MathDouble.c,1021 :: 		
L_end_SETIOV3224:
0x0044	0x0008      	RETURN
; end of _SETIOV3224
_NRM3232:
;__Lib_MathDouble.c,167 :: 		
;__Lib_MathDouble.c,173 :: 		
;__Lib_MathDouble.c,175 :: 		
0x0045	0x01A0      	CLRF       __math_tempbD
;__Lib_MathDouble.c,176 :: 		
0x0046	0x0872      	MOVF       R2, 0
;__Lib_MathDouble.c,177 :: 		
0x0047	0x1D03      	BTFSS      STATUS, 2
;__Lib_MathDouble.c,178 :: 		
0x0048	0x285A      	GOTO       NORM3232
;__Lib_MathDouble.c,179 :: 		
0x0049	0x0871      	MOVF       R1, 0
;__Lib_MathDouble.c,180 :: 		
0x004A	0x00F2      	MOVWF      R2
;__Lib_MathDouble.c,181 :: 		
0x004B	0x0870      	MOVF       R0, 0
;__Lib_MathDouble.c,182 :: 		
0x004C	0x00F1      	MOVWF      R1
;__Lib_MathDouble.c,183 :: 		
0x004D	0x01F0      	CLRF       R0
;__Lib_MathDouble.c,184 :: 		
0x004E	0x15A0      	BSF        __math_tempbD, 3
;__Lib_MathDouble.c,186 :: 		
0x004F	0x0872      	MOVF       R2, 0
;__Lib_MathDouble.c,187 :: 		
0x0050	0x1D03      	BTFSS      STATUS, 2
;__Lib_MathDouble.c,188 :: 		
0x0051	0x285A      	GOTO       NORM3232
;__Lib_MathDouble.c,189 :: 		
0x0052	0x0871      	MOVF       R1, 0
;__Lib_MathDouble.c,190 :: 		
0x0053	0x00F2      	MOVWF      R2
;__Lib_MathDouble.c,191 :: 		
0x0054	0x01F1      	CLRF       R1
;__Lib_MathDouble.c,192 :: 		
0x0055	0x11A0      	BCF        __math_tempbD, 3
;__Lib_MathDouble.c,193 :: 		
0x0056	0x1620      	BSF        __math_tempbD, 4
;__Lib_MathDouble.c,195 :: 		
0x0057	0x0872      	MOVF       R2, 0
;__Lib_MathDouble.c,196 :: 		
0x0058	0x1903      	BTFSC      STATUS, 2
;__Lib_MathDouble.c,197 :: 		
0x0059	0x2868      	GOTO       JPNRES032
;__Lib_MathDouble.c,198 :: 		
NORM3232:
;__Lib_MathDouble.c,199 :: 		
0x005A	0x0820      	MOVF       __math_tempbD, 0
;__Lib_MathDouble.c,200 :: 		
0x005B	0x02F3      	SUBWF      R3, 1
;__Lib_MathDouble.c,201 :: 		
0x005C	0x1D03      	BTFSS      STATUS, 2
;__Lib_MathDouble.c,202 :: 		
0x005D	0x1C03      	BTFSS      STATUS, 0
;__Lib_MathDouble.c,203 :: 		
0x005E	0x286C      	GOTO       JPNSETFUN32
;__Lib_MathDouble.c,204 :: 		
0x005F	0x1003      	BCF        STATUS, 0
;__Lib_MathDouble.c,205 :: 		
NORM3232A:
;__Lib_MathDouble.c,206 :: 		
0x0060	0x1BF2      	BTFSC      R2, 7
;__Lib_MathDouble.c,207 :: 		
0x0061	0x2870      	GOTO       JMPNFIXSIGN32
;__Lib_MathDouble.c,208 :: 		
0x0062	0x0DF0      	RLF        R0, 1
;__Lib_MathDouble.c,209 :: 		
0x0063	0x0DF1      	RLF        R1, 1
;__Lib_MathDouble.c,210 :: 		
0x0064	0x0DF2      	RLF        R2, 1
;__Lib_MathDouble.c,211 :: 		
0x0065	0x0BF3      	DECFSZ     R3, 1
;__Lib_MathDouble.c,212 :: 		
0x0066	0x2860      	GOTO       NORM3232A
;__Lib_MathDouble.c,213 :: 		
0x0067	0x286C      	GOTO       JPNSETFUN32
;__Lib_MathDouble.c,214 :: 		
JPNRES032:
;__Lib_MathDouble.c,215 :: 		
0x0068	0x3001      	MOVLW      1
;__Lib_MathDouble.c,216 :: 		
0x0069	0x00FC      	MOVWF      R12
;__Lib_MathDouble.c,218 :: 		
0x006A	0x200F      	CALL       _RES032
;__Lib_MathDouble.c,220 :: 		
0x006B	0x2873      	GOTO       NORM32EEE
;__Lib_MathDouble.c,221 :: 		
JPNSETFUN32:
;__Lib_MathDouble.c,222 :: 		
0x006C	0x3002      	MOVLW      2
;__Lib_MathDouble.c,223 :: 		
0x006D	0x00FC      	MOVWF      R12
;__Lib_MathDouble.c,225 :: 		
0x006E	0x2016      	CALL       _SETFUN32
;__Lib_MathDouble.c,227 :: 		
0x006F	0x2873      	GOTO       NORM32EEE
;__Lib_MathDouble.c,228 :: 		
JMPNFIXSIGN32:
;__Lib_MathDouble.c,229 :: 		
0x0070	0x3004      	MOVLW      4
;__Lib_MathDouble.c,230 :: 		
0x0071	0x00FC      	MOVWF      R12
;__Lib_MathDouble.c,232 :: 		
0x0072	0x2022      	CALL       _FIXSIGN32
;__Lib_MathDouble.c,234 :: 		
NORM32EEE:
;__Lib_MathDouble.c,236 :: 		
L_end_NRM3232:
0x0073	0x0008      	RETURN
; end of _NRM3232
_I2C_Master_Stop:
;I2C.c,25 :: 		void I2C_Master_Stop(){
;I2C.c,26 :: 		I2C_Master_Wait();
0x0074	0x2003      	CALL       _I2C_Master_Wait
;I2C.c,27 :: 		PEN_bit=1;   // write 1 in PE
0x0075	0x1511      	BSF        PEN_bit, BitPos(PEN_bit+0)
;I2C.c,29 :: 		}
L_end_I2C_Master_Stop:
0x0076	0x0008      	RETURN
; end of _I2C_Master_Stop
_I2C_Master_Write:
;I2C.c,42 :: 		void I2C_Master_Write(unsigned char Data){
;I2C.c,43 :: 		I2C_Master_Wait();
0x0077	0x2003      	CALL       _I2C_Master_Wait
;I2C.c,44 :: 		SSPBUF = Data;
0x0078	0x1283      	BCF        STATUS, 5
0x0079	0x083F      	MOVF       FARG_I2C_Master_Write_Data, 0
0x007A	0x0093      	MOVWF      SSPBUF
;I2C.c,45 :: 		I2C_Master_Wait();  //to till me the slave recive the data and send Ack
0x007B	0x2003      	CALL       _I2C_Master_Wait
;I2C.c,47 :: 		}
L_end_I2C_Master_Write:
0x007C	0x0008      	RETURN
; end of _I2C_Master_Write
_I2C_Master_RepeatedStart:
;I2C.c,20 :: 		void I2C_Master_RepeatedStart(){
;I2C.c,22 :: 		RSEN_bit=1;      //Write 1 in RSEN
0x007D	0x1683      	BSF        STATUS, 5
0x007E	0x1303      	BCF        STATUS, 6
0x007F	0x1491      	BSF        RSEN_bit, BitPos(RSEN_bit+0)
;I2C.c,23 :: 		I2C_Master_Wait();
0x0080	0x2003      	CALL       _I2C_Master_Wait
;I2C.c,24 :: 		}
L_end_I2C_Master_RepeatedStart:
0x0081	0x0008      	RETURN
; end of _I2C_Master_RepeatedStart
_I2C_Read_Byte:
;I2C.c,48 :: 		unsigned char I2C_Read_Byte(void){
;I2C.c,49 :: 		RCEN_bit=1; // enable master recive
0x0082	0x1683      	BSF        STATUS, 5
0x0083	0x1303      	BCF        STATUS, 6
0x0084	0x1591      	BSF        RCEN_bit, BitPos(RCEN_bit+0)
;I2C.c,50 :: 		while(!SSPIF_bit);   // Wait Until Completion
L_I2C_Read_Byte4:
0x0085	0x1283      	BCF        STATUS, 5
0x0086	0x198C      	BTFSC      SSPIF_bit, BitPos(SSPIF_bit+0)
0x0087	0x2889      	GOTO       L_I2C_Read_Byte5
0x0088	0x2885      	GOTO       L_I2C_Read_Byte4
L_I2C_Read_Byte5:
;I2C.c,51 :: 		SSPIF_bit = 0;
0x0089	0x118C      	BCF        SSPIF_bit, BitPos(SSPIF_bit+0)
;I2C.c,52 :: 		I2C_NACK();       // Clear The Interrupt Flag Bit
0x008A	0x2026      	CALL       _I2C_NACK
;I2C.c,53 :: 		return SSPBUF;
0x008B	0x1283      	BCF        STATUS, 5
0x008C	0x0813      	MOVF       SSPBUF, 0
0x008D	0x00F0      	MOVWF      R0
;I2C.c,55 :: 		}
L_end_I2C_Read_Byte:
0x008E	0x0008      	RETURN
; end of _I2C_Read_Byte
_I2C_Master_Start:
;I2C.c,15 :: 		void I2C_Master_Start(){
;I2C.c,16 :: 		I2C_Master_Wait();
0x008F	0x2003      	CALL       _I2C_Master_Wait
;I2C.c,17 :: 		SEN_bit=1;   // Write 1 in SE
0x0090	0x1411      	BSF        SEN_bit, BitPos(SEN_bit+0)
;I2C.c,19 :: 		}
L_end_I2C_Master_Start:
0x0091	0x0008      	RETURN
; end of _I2C_Master_Start
_Div_16X16_U:
;__Lib_Math.c,215 :: 		
;__Lib_Math.c,222 :: 		
0x0092	0x1283      	BCF        STATUS, 5
;__Lib_Math.c,223 :: 		
0x0093	0x1303      	BCF        STATUS, 6
;__Lib_Math.c,224 :: 		
0x0094	0x01F8      	CLRF       R8
;__Lib_Math.c,225 :: 		
0x0095	0x01F9      	CLRF       R9
;__Lib_Math.c,226 :: 		
0x0096	0x3010      	MOVLW      16
;__Lib_Math.c,227 :: 		
0x0097	0x00FC      	MOVWF      R12
;__Lib_Math.c,228 :: 		
0x0098	0x0D71      	RLF        R1, 0
;__Lib_Math.c,229 :: 		
0x0099	0x0DF8      	RLF        R8, 1
;__Lib_Math.c,230 :: 		
0x009A	0x0DF9      	RLF        R9, 1
;__Lib_Math.c,231 :: 		
0x009B	0x0874      	MOVF       R4, 0
;__Lib_Math.c,232 :: 		
0x009C	0x02F8      	SUBWF      R8, 1
;__Lib_Math.c,233 :: 		
0x009D	0x0875      	MOVF       R5, 0
;__Lib_Math.c,234 :: 		
0x009E	0x1C03      	BTFSS      STATUS, 0
;__Lib_Math.c,235 :: 		
0x009F	0x0F75      	INCFSZ     R5, 0
;__Lib_Math.c,236 :: 		
0x00A0	0x02F9      	SUBWF      R9, 1
;__Lib_Math.c,237 :: 		
0x00A1	0x1803      	BTFSC      STATUS, 0
;__Lib_Math.c,238 :: 		
0x00A2	0x28AA      	GOTO       $+8
;__Lib_Math.c,239 :: 		
0x00A3	0x0874      	MOVF       R4, 0
;__Lib_Math.c,240 :: 		
0x00A4	0x07F8      	ADDWF      R8, 1
;__Lib_Math.c,241 :: 		
0x00A5	0x0875      	MOVF       R5, 0
;__Lib_Math.c,242 :: 		
0x00A6	0x1803      	BTFSC      STATUS, 0
;__Lib_Math.c,243 :: 		
0x00A7	0x0F75      	INCFSZ     R5, 0
;__Lib_Math.c,244 :: 		
0x00A8	0x07F9      	ADDWF      R9, 1
;__Lib_Math.c,245 :: 		
0x00A9	0x1003      	BCF        STATUS, 0
;__Lib_Math.c,246 :: 		
0x00AA	0x0DF0      	RLF        R0, 1
;__Lib_Math.c,247 :: 		
0x00AB	0x0DF1      	RLF        R1, 1
;__Lib_Math.c,248 :: 		
0x00AC	0x0BFC      	DECFSZ     R12, 1
;__Lib_Math.c,249 :: 		
0x00AD	0x2898      	GOTO       $-21
;__Lib_Math.c,251 :: 		
L_end_Div_16X16_U:
0x00AE	0x0008      	RETURN
; end of _Div_16X16_U
_word2double:
;__Lib_MathDouble.c,1862 :: 		
;__Lib_MathDouble.c,1868 :: 		
0x00AF	0x1283      	BCF        STATUS, 5
;__Lib_MathDouble.c,1869 :: 		
0x00B0	0x1303      	BCF        STATUS, 6
;__Lib_MathDouble.c,1870 :: 		
0x00B1	0x0870      	MOVF       R0, 0
;__Lib_MathDouble.c,1871 :: 		
0x00B2	0x00F8      	MOVWF      R8
;__Lib_MathDouble.c,1872 :: 		
0x00B3	0x0871      	MOVF       R1, 0
;__Lib_MathDouble.c,1873 :: 		
0x00B4	0x00F0      	MOVWF      R0
;__Lib_MathDouble.c,1874 :: 		
0x00B5	0x01F1      	CLRF       R1
;__Lib_MathDouble.c,1875 :: 		
0x00B6	0x01F2      	CLRF       R2
;__Lib_MathDouble.c,1876 :: 		
0x00B7	0x01F3      	CLRF       R3
;__Lib_MathDouble.c,1879 :: 		
0x00B8	0x01FB      	CLRF       R11
;__Lib_MathDouble.c,1880 :: 		
0x00B9	0x01FC      	CLRF       R12
;__Lib_MathDouble.c,1882 :: 		
0x00BA	0x3096      	MOVLW      150
;__Lib_MathDouble.c,1883 :: 		
0x00BB	0x00F3      	MOVWF      R3
;__Lib_MathDouble.c,1884 :: 		
0x00BC	0x01FA      	CLRF       R10
;__Lib_MathDouble.c,1886 :: 		
0x00BD	0x0870      	MOVF       R0, 0
;__Lib_MathDouble.c,1887 :: 		
0x00BE	0x00F1      	MOVWF      R1
;__Lib_MathDouble.c,1888 :: 		
0x00BF	0x0878      	MOVF       R8, 0
;__Lib_MathDouble.c,1889 :: 		
0x00C0	0x00F0      	MOVWF      R0
;__Lib_MathDouble.c,1890 :: 		
0x00C1	0x01F8      	CLRF       R8
;__Lib_MathDouble.c,1891 :: 		
0x00C2	0x01F2      	CLRF       R2
;__Lib_MathDouble.c,1893 :: 		
0x00C3	0x2045      	CALL       _NRM3232
;__Lib_MathDouble.c,1894 :: 		
L_end_word2double:
0x00C4	0x0008      	RETURN
; end of _word2double
_double2word:
;__Lib_MathDouble.c,1529 :: 		
;__Lib_MathDouble.c,1536 :: 		
0x00C5	0x1283      	BCF        STATUS, 5
;__Lib_MathDouble.c,1537 :: 		
0x00C6	0x1303      	BCF        STATUS, 6
;__Lib_MathDouble.c,1539 :: 		
0x00C7	0x01FB      	CLRF       R11
;__Lib_MathDouble.c,1540 :: 		
0x00C8	0x01FC      	CLRF       R12
;__Lib_MathDouble.c,1541 :: 		
0x00C9	0x01FA      	CLRF       R10
;__Lib_MathDouble.c,1543 :: 		
0x00CA	0x0873      	MOVF       R3, 0
;__Lib_MathDouble.c,1544 :: 		
0x00CB	0x1903      	BTFSC      STATUS, 2
;__Lib_MathDouble.c,1545 :: 		
0x00CC	0x2904      	GOTO       IRES016U
;__Lib_MathDouble.c,1547 :: 		
0x00CD	0x17F2      	BSF        R2, 7
;__Lib_MathDouble.c,1549 :: 		
0x00CE	0x308E      	MOVLW      142
;__Lib_MathDouble.c,1550 :: 		
0x00CF	0x02F3      	SUBWF      R3, 1
;__Lib_MathDouble.c,1551 :: 		
0x00D0	0x1BF3      	BTFSC      R3, 7
;__Lib_MathDouble.c,1552 :: 		
0x00D1	0x28D5      	GOTO       SETEXP16U
;__Lib_MathDouble.c,1553 :: 		
0x00D2	0x1903      	BTFSC      STATUS, 2
;__Lib_MathDouble.c,1554 :: 		
0x00D3	0x28D5      	GOTO       SETEXP16U
;__Lib_MathDouble.c,1555 :: 		
0x00D4	0x2907      	GOTO       SETIOV16U
;__Lib_MathDouble.c,1556 :: 		
SETEXP16U:
;__Lib_MathDouble.c,1557 :: 		
0x00D5	0x09F3      	COMF       R3, 1
;__Lib_MathDouble.c,1558 :: 		
0x00D6	0x0AF3      	INCF       R3, 1
;__Lib_MathDouble.c,1560 :: 		
0x00D7	0x3008      	MOVLW      8
;__Lib_MathDouble.c,1561 :: 		
0x00D8	0x0273      	SUBWF      R3, 0
;__Lib_MathDouble.c,1562 :: 		
0x00D9	0x1C03      	BTFSS      STATUS, 0
;__Lib_MathDouble.c,1563 :: 		
0x00DA	0x28EA      	GOTO       TSHIFT3216U
;__Lib_MathDouble.c,1564 :: 		
0x00DB	0x00F3      	MOVWF      R3
;__Lib_MathDouble.c,1565 :: 		
0x00DC	0x0DF1      	RLF        R1, 1
;__Lib_MathDouble.c,1566 :: 		
0x00DD	0x0872      	MOVF       R2, 0
;__Lib_MathDouble.c,1567 :: 		
0x00DE	0x00F1      	MOVWF      R1
;__Lib_MathDouble.c,1568 :: 		
0x00DF	0x01F2      	CLRF       R2
;__Lib_MathDouble.c,1570 :: 		
0x00E0	0x3008      	MOVLW      8
;__Lib_MathDouble.c,1571 :: 		
0x00E1	0x0273      	SUBWF      R3, 0
;__Lib_MathDouble.c,1572 :: 		
0x00E2	0x1C03      	BTFSS      STATUS, 0
;__Lib_MathDouble.c,1573 :: 		
0x00E3	0x28EA      	GOTO       TSHIFT3216U
;__Lib_MathDouble.c,1574 :: 		
0x00E4	0x0DF1      	RLF        R1, 1
;__Lib_MathDouble.c,1575 :: 		
0x00E5	0x01F1      	CLRF       R1
;__Lib_MathDouble.c,1577 :: 		
0x00E6	0x0873      	MOVF       R3, 0
;__Lib_MathDouble.c,1578 :: 		
0x00E7	0x1D03      	BTFSS      STATUS, 2
;__Lib_MathDouble.c,1579 :: 		
0x00E8	0x1003      	BCF        STATUS, 0
;__Lib_MathDouble.c,1580 :: 		
0x00E9	0x28F2      	GOTO       SHIFT3216UOK
;__Lib_MathDouble.c,1581 :: 		
TSHIFT3216U:
;__Lib_MathDouble.c,1582 :: 		
0x00EA	0x0873      	MOVF       R3, 0
;__Lib_MathDouble.c,1583 :: 		
0x00EB	0x1903      	BTFSC      STATUS, 2
;__Lib_MathDouble.c,1584 :: 		
0x00EC	0x28F2      	GOTO       SHIFT3216UOK
;__Lib_MathDouble.c,1585 :: 		
SHIFT3216U:
;__Lib_MathDouble.c,1586 :: 		
0x00ED	0x1003      	BCF        STATUS, 0
;__Lib_MathDouble.c,1587 :: 		
0x00EE	0x0CF2      	RRF        R2, 1
;__Lib_MathDouble.c,1588 :: 		
0x00EF	0x0CF1      	RRF        R1, 1
;__Lib_MathDouble.c,1589 :: 		
0x00F0	0x0BF3      	DECFSZ     R3, 1
;__Lib_MathDouble.c,1590 :: 		
0x00F1	0x28ED      	GOTO       SHIFT3216U
;__Lib_MathDouble.c,1591 :: 		
SHIFT3216UOK:
;__Lib_MathDouble.c,1592 :: 		
0x00F2	0x1B7B      	BTFSC      R11, 6
;__Lib_MathDouble.c,1593 :: 		
0x00F3	0x1C71      	BTFSS      R1, 0
;__Lib_MathDouble.c,1594 :: 		
0x00F4	0x28FC      	GOTO       INT3216UOK
;__Lib_MathDouble.c,1595 :: 		
0x00F5	0x1C03      	BTFSS      STATUS, 0
;__Lib_MathDouble.c,1596 :: 		
0x00F6	0x28FC      	GOTO       INT3216UOK
;__Lib_MathDouble.c,1597 :: 		
0x00F7	0x0AF1      	INCF       R1, 1
;__Lib_MathDouble.c,1598 :: 		
0x00F8	0x1903      	BTFSC      STATUS, 2
;__Lib_MathDouble.c,1599 :: 		
0x00F9	0x0AF2      	INCF       R2, 1
;__Lib_MathDouble.c,1600 :: 		
0x00FA	0x1BF2      	BTFSC      R2, 7
;__Lib_MathDouble.c,1601 :: 		
0x00FB	0x2913      	GOTO       JPKSETIOV3224
;__Lib_MathDouble.c,1602 :: 		
INT3216UOK:
;__Lib_MathDouble.c,1603 :: 		
0x00FC	0x1FFA      	BTFSS      R10, 7
;__Lib_MathDouble.c,1604 :: 		
0x00FD	0x2916      	GOTO       INT3216UEOK
;__Lib_MathDouble.c,1606 :: 		
0x00FE	0x09F2      	COMF       R2, 1
;__Lib_MathDouble.c,1607 :: 		
0x00FF	0x09F1      	COMF       R1, 1
;__Lib_MathDouble.c,1608 :: 		
0x0100	0x0AF1      	INCF       R1, 1
;__Lib_MathDouble.c,1609 :: 		
0x0101	0x1903      	BTFSC      STATUS, 2
;__Lib_MathDouble.c,1610 :: 		
0x0102	0x0AF2      	INCF       R2, 1
;__Lib_MathDouble.c,1611 :: 		
0x0103	0x2916      	GOTO       INT3216UEOK
;__Lib_MathDouble.c,1613 :: 		
IRES016U:
;__Lib_MathDouble.c,1614 :: 		
0x0104	0x01F2      	CLRF       R2
;__Lib_MathDouble.c,1615 :: 		
0x0105	0x01F1      	CLRF       R1
;__Lib_MathDouble.c,1616 :: 		
0x0106	0x2916      	GOTO       INT3216UEOK
;__Lib_MathDouble.c,1617 :: 		
SETIOV16U:
;__Lib_MathDouble.c,1618 :: 		
0x0107	0x147B      	BSF        R11, 0
;__Lib_MathDouble.c,1619 :: 		
0x0108	0x1FFB      	BTFSS      R11, 7
;__Lib_MathDouble.c,1620 :: 		
0x0109	0x2919      	GOTO       INT3216UEER
;__Lib_MathDouble.c,1622 :: 		
0x010A	0x01F2      	CLRF       R2
;__Lib_MathDouble.c,1623 :: 		
0x010B	0x1FFA      	BTFSS      R10, 7
;__Lib_MathDouble.c,1624 :: 		
0x010C	0x2919      	GOTO       INT3216UEER
;__Lib_MathDouble.c,1625 :: 		
0x010D	0x30FF      	MOVLW      255
;__Lib_MathDouble.c,1626 :: 		
0x010E	0x00F2      	MOVWF      R2
;__Lib_MathDouble.c,1627 :: 		
0x010F	0x00F1      	MOVWF      R1
;__Lib_MathDouble.c,1628 :: 		
0x0110	0x0DFA      	RLF        R10, 1
;__Lib_MathDouble.c,1629 :: 		
0x0111	0x0CF2      	RRF        R2, 1
;__Lib_MathDouble.c,1630 :: 		
0x0112	0x2919      	GOTO       INT3216UEER
;__Lib_MathDouble.c,1632 :: 		
JPKSETIOV3224:
;__Lib_MathDouble.c,1633 :: 		
0x0113	0x3001      	MOVLW      1
;__Lib_MathDouble.c,1634 :: 		
0x0114	0x00FC      	MOVWF      R12
;__Lib_MathDouble.c,1635 :: 		
0x0115	0x291B      	GOTO       INT3216UEEE
;__Lib_MathDouble.c,1636 :: 		
INT3216UEOK:
;__Lib_MathDouble.c,1637 :: 		
0x0116	0x3000      	MOVLW      0
;__Lib_MathDouble.c,1638 :: 		
0x0117	0x00FC      	MOVWF      R12
;__Lib_MathDouble.c,1639 :: 		
0x0118	0x291B      	GOTO       INT3216UEEE
;__Lib_MathDouble.c,1640 :: 		
INT3216UEER:
;__Lib_MathDouble.c,1641 :: 		
0x0119	0x30FF      	MOVLW      255
;__Lib_MathDouble.c,1642 :: 		
0x011A	0x00FC      	MOVWF      R12
;__Lib_MathDouble.c,1643 :: 		
INT3216UEEE:
;__Lib_MathDouble.c,1646 :: 		
0x011B	0x08FC      	MOVF       R12, 1
;__Lib_MathDouble.c,1648 :: 		
0x011C	0x1903      	BTFSC      STATUS, 2
;__Lib_MathDouble.c,1649 :: 		
0x011D	0x291F      	GOTO       L_Double2Word_0
;__Lib_MathDouble.c,1651 :: 		
0x011E	0x2038      	CALL       _SETIOV3224
;__Lib_MathDouble.c,1653 :: 		
L_Double2Word_0:
;__Lib_MathDouble.c,1654 :: 		
0x011F	0x0871      	MOVF       R1, 0
;__Lib_MathDouble.c,1655 :: 		
0x0120	0x00F0      	MOVWF      R0
;__Lib_MathDouble.c,1656 :: 		
0x0121	0x0872      	MOVF       R2, 0
;__Lib_MathDouble.c,1657 :: 		
0x0122	0x00F1      	MOVWF      R1
;__Lib_MathDouble.c,1660 :: 		
L_end_double2word:
0x0123	0x0008      	RETURN
; end of _double2word
_I2C_ACK:
;I2C.c,30 :: 		void I2C_ACK(){
;I2C.c,32 :: 		ACKDT_bit=0;     // the signal is ACk
0x0124	0x1683      	BSF        STATUS, 5
0x0125	0x1303      	BCF        STATUS, 6
0x0126	0x1291      	BCF        ACKDT_bit, BitPos(ACKDT_bit+0)
;I2C.c,33 :: 		ACKEN_bit=1;     // send ACk
0x0127	0x1611      	BSF        ACKEN_bit, BitPos(ACKEN_bit+0)
;I2C.c,34 :: 		I2C_Master_Wait();
0x0128	0x2003      	CALL       _I2C_Master_Wait
;I2C.c,35 :: 		}
L_end_I2C_ACK:
0x0129	0x0008      	RETURN
; end of _I2C_ACK
_Mul_32x32_FP:
;__Lib_MathDouble.c,610 :: 		
;__Lib_MathDouble.c,622 :: 		
;__Lib_MathDouble.c,624 :: 		
0x012A	0x1283      	BCF        STATUS, 5
;__Lib_MathDouble.c,625 :: 		
0x012B	0x1303      	BCF        STATUS, 6
;__Lib_MathDouble.c,627 :: 		
0x012C	0x01FB      	CLRF       R11
;__Lib_MathDouble.c,628 :: 		
0x012D	0x0873      	MOVF       R3, 0
;__Lib_MathDouble.c,629 :: 		
0x012E	0x1D03      	BTFSS      STATUS, 2
;__Lib_MathDouble.c,630 :: 		
0x012F	0x0877      	MOVF       R7, 0
;__Lib_MathDouble.c,631 :: 		
0x0130	0x1903      	BTFSC      STATUS, 2
;__Lib_MathDouble.c,632 :: 		
0x0131	0x2981      	GOTO       JPMRES032
;__Lib_MathDouble.c,634 :: 		
0x0132	0x0872      	MOVF       R2, 0
;__Lib_MathDouble.c,635 :: 		
0x0133	0x0676      	XORWF      R6, 0
;__Lib_MathDouble.c,636 :: 		
0x0134	0x00FA      	MOVWF      R10
;__Lib_MathDouble.c,637 :: 		
0x0135	0x0877      	MOVF       R7, 0
;__Lib_MathDouble.c,638 :: 		
0x0136	0x07F3      	ADDWF      R3, 1
;__Lib_MathDouble.c,639 :: 		
0x0137	0x307E      	MOVLW      126
;__Lib_MathDouble.c,640 :: 		
0x0138	0x1C03      	BTFSS      STATUS, 0
;__Lib_MathDouble.c,641 :: 		
0x0139	0x293E      	GOTO       MTUN32
;__Lib_MathDouble.c,642 :: 		
0x013A	0x02F3      	SUBWF      R3, 1
;__Lib_MathDouble.c,643 :: 		
0x013B	0x1803      	BTFSC      STATUS, 0
;__Lib_MathDouble.c,644 :: 		
0x013C	0x2984      	GOTO       JPMSETFOV32
;__Lib_MathDouble.c,645 :: 		
0x013D	0x2941      	GOTO       MOK32
;__Lib_MathDouble.c,646 :: 		
MTUN32:
;__Lib_MathDouble.c,647 :: 		
0x013E	0x02F3      	SUBWF      R3, 1
;__Lib_MathDouble.c,648 :: 		
0x013F	0x1C03      	BTFSS      STATUS, 0
;__Lib_MathDouble.c,649 :: 		
0x0140	0x2987      	GOTO       JPMSETFUN32
;__Lib_MathDouble.c,650 :: 		
MOK32:
;__Lib_MathDouble.c,651 :: 		
0x0141	0x0872      	MOVF       R2, 0
;__Lib_MathDouble.c,652 :: 		
0x0142	0x00F8      	MOVWF      R8
;__Lib_MathDouble.c,653 :: 		
0x0143	0x0871      	MOVF       R1, 0
;__Lib_MathDouble.c,654 :: 		
0x0144	0x00FC      	MOVWF      R12
;__Lib_MathDouble.c,655 :: 		
0x0145	0x0870      	MOVF       R0, 0
;__Lib_MathDouble.c,656 :: 		
0x0146	0x00FD      	MOVWF      R13
;__Lib_MathDouble.c,657 :: 		
0x0147	0x17F8      	BSF        R8, 7
;__Lib_MathDouble.c,658 :: 		
0x0148	0x17F6      	BSF        R6, 7
;__Lib_MathDouble.c,659 :: 		
0x0149	0x1003      	BCF        STATUS, 0
;__Lib_MathDouble.c,660 :: 		
0x014A	0x01F2      	CLRF       R2
;__Lib_MathDouble.c,661 :: 		
0x014B	0x01F1      	CLRF       R1
;__Lib_MathDouble.c,662 :: 		
0x014C	0x01F0      	CLRF       R0
;__Lib_MathDouble.c,663 :: 		
0x014D	0x3018      	MOVLW      24
;__Lib_MathDouble.c,664 :: 		
0x014E	0x00A0      	MOVWF      __math_tempbD
;__Lib_MathDouble.c,665 :: 		
MLOOP32:
;__Lib_MathDouble.c,666 :: 		
0x014F	0x1C7D      	BTFSS      R13, 0
;__Lib_MathDouble.c,667 :: 		
0x0150	0x295B      	GOTO       MNOADD32
;__Lib_MathDouble.c,669 :: 		
0x0151	0x0874      	MOVF       R4, 0
;__Lib_MathDouble.c,670 :: 		
0x0152	0x07F0      	ADDWF      R0, 1
;__Lib_MathDouble.c,671 :: 		
0x0153	0x0875      	MOVF       R5, 0
;__Lib_MathDouble.c,672 :: 		
0x0154	0x1803      	BTFSC      STATUS, 0
;__Lib_MathDouble.c,673 :: 		
0x0155	0x0F75      	INCFSZ     R5, 0
;__Lib_MathDouble.c,674 :: 		
0x0156	0x07F1      	ADDWF      R1, 1
;__Lib_MathDouble.c,675 :: 		
0x0157	0x0876      	MOVF       R6, 0
;__Lib_MathDouble.c,676 :: 		
0x0158	0x1803      	BTFSC      STATUS, 0
;__Lib_MathDouble.c,677 :: 		
0x0159	0x0F76      	INCFSZ     R6, 0
;__Lib_MathDouble.c,678 :: 		
0x015A	0x07F2      	ADDWF      R2, 1
;__Lib_MathDouble.c,679 :: 		
MNOADD32:
;__Lib_MathDouble.c,680 :: 		
0x015B	0x0CF2      	RRF        R2, 1
;__Lib_MathDouble.c,681 :: 		
0x015C	0x0CF1      	RRF        R1, 1
;__Lib_MathDouble.c,682 :: 		
0x015D	0x0CF0      	RRF        R0, 1
;__Lib_MathDouble.c,683 :: 		
0x015E	0x0CF8      	RRF        R8, 1
;__Lib_MathDouble.c,684 :: 		
0x015F	0x0CFC      	RRF        R12, 1
;__Lib_MathDouble.c,685 :: 		
0x0160	0x0CFD      	RRF        R13, 1
;__Lib_MathDouble.c,686 :: 		
0x0161	0x1003      	BCF        STATUS, 0
;__Lib_MathDouble.c,687 :: 		
0x0162	0x0BA0      	DECFSZ     __math_tempbD, 1
;__Lib_MathDouble.c,688 :: 		
0x0163	0x294F      	GOTO       MLOOP32
;__Lib_MathDouble.c,689 :: 		
0x0164	0x1BF2      	BTFSC      R2, 7
;__Lib_MathDouble.c,690 :: 		
0x0165	0x296B      	GOTO       MROUND32
;__Lib_MathDouble.c,691 :: 		
0x0166	0x0DF8      	RLF        R8, 1
;__Lib_MathDouble.c,692 :: 		
0x0167	0x0DF0      	RLF        R0, 1
;__Lib_MathDouble.c,693 :: 		
0x0168	0x0DF1      	RLF        R1, 1
;__Lib_MathDouble.c,694 :: 		
0x0169	0x0DF2      	RLF        R2, 1
;__Lib_MathDouble.c,695 :: 		
0x016A	0x03F3      	DECF       R3, 1
;__Lib_MathDouble.c,696 :: 		
MROUND32:
;__Lib_MathDouble.c,697 :: 		
0x016B	0x1B7B      	BTFSC      R11, 6
;__Lib_MathDouble.c,698 :: 		
0x016C	0x1C70      	BTFSS      R0, 0
;__Lib_MathDouble.c,699 :: 		
0x016D	0x297D      	GOTO       MUL32OK
;__Lib_MathDouble.c,700 :: 		
0x016E	0x1FF8      	BTFSS      R8, 7
;__Lib_MathDouble.c,701 :: 		
0x016F	0x297D      	GOTO       MUL32OK
;__Lib_MathDouble.c,702 :: 		
0x0170	0x0AF0      	INCF       R0, 1
;__Lib_MathDouble.c,703 :: 		
0x0171	0x1903      	BTFSC      STATUS, 2
;__Lib_MathDouble.c,704 :: 		
0x0172	0x0AF1      	INCF       R1, 1
;__Lib_MathDouble.c,705 :: 		
0x0173	0x1903      	BTFSC      STATUS, 2
;__Lib_MathDouble.c,706 :: 		
0x0174	0x0AF2      	INCF       R2, 1
;__Lib_MathDouble.c,707 :: 		
0x0175	0x1D03      	BTFSS      STATUS, 2
;__Lib_MathDouble.c,708 :: 		
0x0176	0x297D      	GOTO       MUL32OK
;__Lib_MathDouble.c,709 :: 		
0x0177	0x0CF2      	RRF        R2, 1
;__Lib_MathDouble.c,710 :: 		
0x0178	0x0CF1      	RRF        R1, 1
;__Lib_MathDouble.c,711 :: 		
0x0179	0x0CF0      	RRF        R0, 1
;__Lib_MathDouble.c,712 :: 		
0x017A	0x0AF3      	INCF       R3, 1
;__Lib_MathDouble.c,713 :: 		
0x017B	0x1903      	BTFSC      STATUS, 2
;__Lib_MathDouble.c,714 :: 		
0x017C	0x2984      	GOTO       JPMSETFOV32
;__Lib_MathDouble.c,715 :: 		
MUL32OK:
;__Lib_MathDouble.c,716 :: 		
0x017D	0x1FFA      	BTFSS      R10, 7
;__Lib_MathDouble.c,717 :: 		
0x017E	0x13F2      	BCF        R2, 7
;__Lib_MathDouble.c,718 :: 		
0x017F	0x3000      	MOVLW      0
;__Lib_MathDouble.c,720 :: 		
0x0180	0x2989      	GOTO       MUL32EEE
;__Lib_MathDouble.c,721 :: 		
JPMRES032:
;__Lib_MathDouble.c,722 :: 		
0x0181	0x3001      	MOVLW      1
;__Lib_MathDouble.c,725 :: 		
0x0182	0x200F      	CALL       _RES032
;__Lib_MathDouble.c,727 :: 		
0x0183	0x2989      	GOTO       MUL32EEE
;__Lib_MathDouble.c,728 :: 		
JPMSETFOV32:
;__Lib_MathDouble.c,729 :: 		
0x0184	0x3002      	MOVLW      2
;__Lib_MathDouble.c,732 :: 		
0x0185	0x202C      	CALL       _SETFOV32
;__Lib_MathDouble.c,734 :: 		
0x0186	0x2989      	GOTO       MUL32EEE
;__Lib_MathDouble.c,735 :: 		
JPMSETFUN32:
;__Lib_MathDouble.c,736 :: 		
0x0187	0x3004      	MOVLW      4
;__Lib_MathDouble.c,739 :: 		
0x0188	0x2016      	CALL       _SETFUN32
;__Lib_MathDouble.c,741 :: 		
MUL32EEE:
;__Lib_MathDouble.c,742 :: 		
0x0189	0x0000      	NOP
;__Lib_MathDouble.c,749 :: 		
L_end_Mul_32x32_FP:
0x018A	0x0008      	RETURN
; end of _Mul_32x32_FP
_Read_Temp:
;TempSensor.c,9 :: 		uint16_t Read_Temp(){
;TempSensor.c,11 :: 		delay_us(30);
0x018B	0x3013      	MOVLW      19
0x018C	0x1283      	BCF        STATUS, 5
0x018D	0x1303      	BCF        STATUS, 6
0x018E	0x00FD      	MOVWF      R13
L_Read_Temp0:
0x018F	0x0BFD      	DECFSZ     R13, 1
0x0190	0x298F      	GOTO       L_Read_Temp0
0x0191	0x0000      	NOP
0x0192	0x0000      	NOP
;TempSensor.c,12 :: 		GO_DONE_bit=1;
0x0193	0x151F      	BSF        GO_DONE_bit, BitPos(GO_DONE_bit+0)
;TempSensor.c,13 :: 		while(GO_DONE_bit==1);
L_Read_Temp1:
0x0194	0x1D1F      	BTFSS      GO_DONE_bit, BitPos(GO_DONE_bit+0)
0x0195	0x2997      	GOTO       L_Read_Temp2
0x0196	0x2994      	GOTO       L_Read_Temp1
L_Read_Temp2:
;TempSensor.c,14 :: 		result=(ADRESH<<8)+ADRESL;
0x0197	0x081E      	MOVF       ADRESH, 0
0x0198	0x00F1      	MOVWF      R0+1
0x0199	0x01F0      	CLRF       R0
0x019A	0x1683      	BSF        STATUS, 5
0x019B	0x081E      	MOVF       ADRESL, 0
0x019C	0x07F0      	ADDWF      R0, 1
0x019D	0x1803      	BTFSC      STATUS, 0
0x019E	0x0AF1      	INCF       R0+1, 1
;TempSensor.c,15 :: 		return result *.488;
0x019F	0x20AF      	CALL       _word2double
0x01A0	0x3023      	MOVLW      35
0x01A1	0x00F4      	MOVWF      R4
0x01A2	0x30DB      	MOVLW      219
0x01A3	0x00F5      	MOVWF      R4+1
0x01A4	0x3079      	MOVLW      121
0x01A5	0x00F6      	MOVWF      R4+2
0x01A6	0x307D      	MOVLW      125
0x01A7	0x00F7      	MOVWF      R4+3
0x01A8	0x212A      	CALL       _Mul_32x32_FP
0x01A9	0x20C5      	CALL       _double2word
;TempSensor.c,16 :: 		}
L_end_Read_Temp:
0x01AA	0x0008      	RETURN
; end of _Read_Temp
_EEPROM_Read_INT:
;EEPROM.c,70 :: 		uint16_t EEPROM_Read_INT(unsigned int add){
;EEPROM.c,73 :: 		I2C_Master_Start();
0x01AB	0x208F      	CALL       _I2C_Master_Start
;EEPROM.c,74 :: 		I2C_Master_Write(EEPROM_Address_W);
0x01AC	0x30A0      	MOVLW      160
0x01AD	0x1283      	BCF        STATUS, 5
0x01AE	0x00BF      	MOVWF      FARG_I2C_Master_Write_Data
0x01AF	0x2077      	CALL       _I2C_Master_Write
;EEPROM.c,75 :: 		I2C_Master_Write(add>>8);
0x01B0	0x1283      	BCF        STATUS, 5
0x01B1	0x0830      	MOVF       FARG_EEPROM_Read_INT_add+1, 0
0x01B2	0x00F0      	MOVWF      R0
0x01B3	0x01F1      	CLRF       R0+1
0x01B4	0x0870      	MOVF       R0, 0
0x01B5	0x00BF      	MOVWF      FARG_I2C_Master_Write_Data
0x01B6	0x2077      	CALL       _I2C_Master_Write
;EEPROM.c,76 :: 		I2C_Master_Write((unsigned char)add);
0x01B7	0x1283      	BCF        STATUS, 5
0x01B8	0x082F      	MOVF       FARG_EEPROM_Read_INT_add, 0
0x01B9	0x00BF      	MOVWF      FARG_I2C_Master_Write_Data
0x01BA	0x2077      	CALL       _I2C_Master_Write
;EEPROM.c,77 :: 		I2C_Master_RepeatedStart();
0x01BB	0x207D      	CALL       _I2C_Master_RepeatedStart
;EEPROM.c,78 :: 		I2C_Master_Write(EEPROM_Address_R);
0x01BC	0x30A1      	MOVLW      161
0x01BD	0x1283      	BCF        STATUS, 5
0x01BE	0x00BF      	MOVWF      FARG_I2C_Master_Write_Data
0x01BF	0x2077      	CALL       _I2C_Master_Write
;EEPROM.c,79 :: 		Data=I2C_Read_Byte();
0x01C0	0x2082      	CALL       _I2C_Read_Byte
0x01C1	0x0870      	MOVF       R0, 0
0x01C2	0x00B1      	MOVWF      EEPROM_Read_INT_Data_L0
0x01C3	0x01B2      	CLRF       EEPROM_Read_INT_Data_L0+1
;EEPROM.c,80 :: 		I2C_ACK();
0x01C4	0x2124      	CALL       _I2C_ACK
;EEPROM.c,81 :: 		Data2=I2C_Read_Byte();
0x01C5	0x2082      	CALL       _I2C_Read_Byte
0x01C6	0x0870      	MOVF       R0, 0
0x01C7	0x00B3      	MOVWF      EEPROM_Read_INT_Data2_L0
0x01C8	0x01B4      	CLRF       EEPROM_Read_INT_Data2_L0+1
;EEPROM.c,82 :: 		I2C_ACK();
0x01C9	0x2124      	CALL       _I2C_ACK
;EEPROM.c,83 :: 		I2C_Master_Stop();
0x01CA	0x2074      	CALL       _I2C_Master_Stop
;EEPROM.c,84 :: 		return (Data<<8)+Data2;
0x01CB	0x1283      	BCF        STATUS, 5
0x01CC	0x0831      	MOVF       EEPROM_Read_INT_Data_L0, 0
0x01CD	0x00F1      	MOVWF      R0+1
0x01CE	0x01F0      	CLRF       R0
0x01CF	0x0833      	MOVF       EEPROM_Read_INT_Data2_L0, 0
0x01D0	0x07F0      	ADDWF      R0, 1
0x01D1	0x0834      	MOVF       EEPROM_Read_INT_Data2_L0+1, 0
0x01D2	0x1803      	BTFSC      STATUS, 0
0x01D3	0x3E01      	ADDLW      1
0x01D4	0x07F1      	ADDWF      R0+1, 1
;EEPROM.c,85 :: 		}
L_end_EEPROM_Read_INT:
0x01D5	0x0008      	RETURN
; end of _EEPROM_Read_INT
_Print_2digits_Number:
;_7seg.c,8 :: 		void Print_2digits_Number(uint16_t number){
;_7seg.c,11 :: 		char values[10]={0x3f,0x06,0x5B,0x4f,0x66,0x6D,0x7D,0x07,0x7F,0x6F};
0x01D6	0x303F      	MOVLW      63
0x01D7	0x1283      	BCF        STATUS, 5
0x01D8	0x1303      	BCF        STATUS, 6
0x01D9	0x00B3      	MOVWF      Print_2digits_Number_values_L0
0x01DA	0x3006      	MOVLW      6
0x01DB	0x00B4      	MOVWF      Print_2digits_Number_values_L0+1
0x01DC	0x305B      	MOVLW      91
0x01DD	0x00B5      	MOVWF      Print_2digits_Number_values_L0+2
0x01DE	0x304F      	MOVLW      79
0x01DF	0x00B6      	MOVWF      Print_2digits_Number_values_L0+3
0x01E0	0x3066      	MOVLW      102
0x01E1	0x00B7      	MOVWF      Print_2digits_Number_values_L0+4
0x01E2	0x306D      	MOVLW      109
0x01E3	0x00B8      	MOVWF      Print_2digits_Number_values_L0+5
0x01E4	0x307D      	MOVLW      125
0x01E5	0x00B9      	MOVWF      Print_2digits_Number_values_L0+6
0x01E6	0x3007      	MOVLW      7
0x01E7	0x00BA      	MOVWF      Print_2digits_Number_values_L0+7
0x01E8	0x307F      	MOVLW      127
0x01E9	0x00BB      	MOVWF      Print_2digits_Number_values_L0+8
0x01EA	0x306F      	MOVLW      111
0x01EB	0x00BC      	MOVWF      Print_2digits_Number_values_L0+9
;_7seg.c,12 :: 		TRISD=0;
0x01EC	0x1683      	BSF        STATUS, 5
0x01ED	0x0188      	CLRF       TRISD
;_7seg.c,13 :: 		ones=number%10;
0x01EE	0x300A      	MOVLW      10
0x01EF	0x00F4      	MOVWF      R4
0x01F0	0x3000      	MOVLW      0
0x01F1	0x00F5      	MOVWF      R4+1
0x01F2	0x1283      	BCF        STATUS, 5
0x01F3	0x082F      	MOVF       FARG_Print_2digits_Number_number, 0
0x01F4	0x00F0      	MOVWF      R0
0x01F5	0x0830      	MOVF       FARG_Print_2digits_Number_number+1, 0
0x01F6	0x00F1      	MOVWF      R0+1
0x01F7	0x2092      	CALL       _Div_16X16_U
0x01F8	0x0878      	MOVF       R8, 0
0x01F9	0x00F0      	MOVWF      R0
0x01FA	0x0879      	MOVF       R8+1, 0
0x01FB	0x00F1      	MOVWF      R0+1
0x01FC	0x0870      	MOVF       R0, 0
0x01FD	0x00BD      	MOVWF      FLOC__Print_2digits_Number
0x01FE	0x0871      	MOVF       R0+1, 0
0x01FF	0x00BE      	MOVWF      FLOC__Print_2digits_Number+1
0x0200	0x300A      	MOVLW      10
0x0201	0x00F4      	MOVWF      R4
0x0202	0x3000      	MOVLW      0
0x0203	0x00F5      	MOVWF      R4+1
0x0204	0x082F      	MOVF       FARG_Print_2digits_Number_number, 0
0x0205	0x00F0      	MOVWF      R0
0x0206	0x0830      	MOVF       FARG_Print_2digits_Number_number+1, 0
0x0207	0x00F1      	MOVWF      R0+1
0x0208	0x2092      	CALL       _Div_16X16_U
;_7seg.c,14 :: 		tens=number/10;
0x0209	0x0870      	MOVF       R0, 0
0x020A	0x00B1      	MOVWF      Print_2digits_Number_tens_L0
0x020B	0x0871      	MOVF       R0+1, 0
0x020C	0x00B2      	MOVWF      Print_2digits_Number_tens_L0+1
;_7seg.c,15 :: 		PORTA|=0x10;
0x020D	0x1605      	BSF        PORTA, 4
;_7seg.c,16 :: 		PORTD=values[ones];
0x020E	0x083D      	MOVF       FLOC__Print_2digits_Number, 0
0x020F	0x3E33      	ADDLW      Print_2digits_Number_values_L0
0x0210	0x0084      	MOVWF      FSR
0x0211	0x0800      	MOVF       INDF, 0
0x0212	0x0088      	MOVWF      PORTD
;_7seg.c,17 :: 		delay_us(1500);
0x0213	0x3004      	MOVLW      4
0x0214	0x00FC      	MOVWF      R12
0x0215	0x30E4      	MOVLW      228
0x0216	0x00FD      	MOVWF      R13
L_Print_2digits_Number0:
0x0217	0x0BFD      	DECFSZ     R13, 1
0x0218	0x2A17      	GOTO       L_Print_2digits_Number0
0x0219	0x0BFC      	DECFSZ     R12, 1
0x021A	0x2A17      	GOTO       L_Print_2digits_Number0
0x021B	0x0000      	NOP
;_7seg.c,18 :: 		PORTA=0;
0x021C	0x0185      	CLRF       PORTA
;_7seg.c,19 :: 		PORTA|=0x08;
0x021D	0x1585      	BSF        PORTA, 3
;_7seg.c,20 :: 		PORTD=values[tens];
0x021E	0x0831      	MOVF       Print_2digits_Number_tens_L0, 0
0x021F	0x3E33      	ADDLW      Print_2digits_Number_values_L0
0x0220	0x0084      	MOVWF      FSR
0x0221	0x0800      	MOVF       INDF, 0
0x0222	0x0088      	MOVWF      PORTD
;_7seg.c,21 :: 		delay_us(1500);
0x0223	0x3004      	MOVLW      4
0x0224	0x00FC      	MOVWF      R12
0x0225	0x30E4      	MOVLW      228
0x0226	0x00FD      	MOVWF      R13
L_Print_2digits_Number1:
0x0227	0x0BFD      	DECFSZ     R13, 1
0x0228	0x2A27      	GOTO       L_Print_2digits_Number1
0x0229	0x0BFC      	DECFSZ     R12, 1
0x022A	0x2A27      	GOTO       L_Print_2digits_Number1
0x022B	0x0000      	NOP
;_7seg.c,22 :: 		PORTA=0;
0x022C	0x0185      	CLRF       PORTA
;_7seg.c,23 :: 		}
L_end_Print_2digits_Number:
0x022D	0x0008      	RETURN
; end of _Print_2digits_Number
_EEPROM_Write_INT:
;EEPROM.c,26 :: 		void EEPROM_Write_INT(unsigned int add, uint16_t Data){
;EEPROM.c,27 :: 		I2C_Master_Start();
0x022E	0x208F      	CALL       _I2C_Master_Start
;EEPROM.c,28 :: 		I2C_Master_Write(EEPROM_Address_W);
0x022F	0x30A0      	MOVLW      160
0x0230	0x1283      	BCF        STATUS, 5
0x0231	0x00BF      	MOVWF      FARG_I2C_Master_Write_Data
0x0232	0x2077      	CALL       _I2C_Master_Write
;EEPROM.c,29 :: 		I2C_Master_Write(add>>8);
0x0233	0x1283      	BCF        STATUS, 5
0x0234	0x0830      	MOVF       FARG_EEPROM_Write_INT_add+1, 0
0x0235	0x00F0      	MOVWF      R0
0x0236	0x01F1      	CLRF       R0+1
0x0237	0x0870      	MOVF       R0, 0
0x0238	0x00BF      	MOVWF      FARG_I2C_Master_Write_Data
0x0239	0x2077      	CALL       _I2C_Master_Write
;EEPROM.c,30 :: 		I2C_Master_Write((unsigned char)add);
0x023A	0x1283      	BCF        STATUS, 5
0x023B	0x082F      	MOVF       FARG_EEPROM_Write_INT_add, 0
0x023C	0x00BF      	MOVWF      FARG_I2C_Master_Write_Data
0x023D	0x2077      	CALL       _I2C_Master_Write
;EEPROM.c,31 :: 		I2C_Master_Write(Data>>8);
0x023E	0x1283      	BCF        STATUS, 5
0x023F	0x0832      	MOVF       FARG_EEPROM_Write_INT_Data+1, 0
0x0240	0x00F0      	MOVWF      R0
0x0241	0x01F1      	CLRF       R0+1
0x0242	0x0870      	MOVF       R0, 0
0x0243	0x00BF      	MOVWF      FARG_I2C_Master_Write_Data
0x0244	0x2077      	CALL       _I2C_Master_Write
;EEPROM.c,32 :: 		I2C_Master_Write((unsigned char)Data);
0x0245	0x1283      	BCF        STATUS, 5
0x0246	0x0831      	MOVF       FARG_EEPROM_Write_INT_Data, 0
0x0247	0x00BF      	MOVWF      FARG_I2C_Master_Write_Data
0x0248	0x2077      	CALL       _I2C_Master_Write
;EEPROM.c,33 :: 		I2C_Master_Stop();
0x0249	0x2074      	CALL       _I2C_Master_Stop
;EEPROM.c,34 :: 		}
L_end_EEPROM_Write_INT:
0x024A	0x0008      	RETURN
; end of _EEPROM_Write_INT
_I2C_Master_Init:
;I2C.c,3 :: 		void I2C_Master_Init()
;I2C.c,5 :: 		TRISC3_bit=1;
0x024B	0x1683      	BSF        STATUS, 5
0x024C	0x1303      	BCF        STATUS, 6
0x024D	0x1587      	BSF        TRISC3_bit, BitPos(TRISC3_bit+0)
;I2C.c,6 :: 		TRISC4_bit=1;  // sets C3 & C4 as high impedence inputs
0x024E	0x1607      	BSF        TRISC4_bit, BitPos(TRISC4_bit+0)
;I2C.c,7 :: 		SSPADD=(_XTAL_FREQ/(4*100000)) - 1;    // value to make boud rate 100k bit/s
0x024F	0x3027      	MOVLW      39
0x0250	0x0093      	MOVWF      SSPADD
;I2C.c,8 :: 		SSPCON=0x28;   // master mode , enable MSSP
0x0251	0x3028      	MOVLW      40
0x0252	0x1283      	BCF        STATUS, 5
0x0253	0x0094      	MOVWF      SSPCON
;I2C.c,9 :: 		SSPCON2 = 0x00;
0x0254	0x1683      	BSF        STATUS, 5
0x0255	0x0191      	CLRF       SSPCON2
;I2C.c,10 :: 		SSPSTAT = 0x00;
0x0256	0x0194      	CLRF       SSPSTAT
;I2C.c,11 :: 		}
L_end_I2C_Master_Init:
0x0257	0x0008      	RETURN
; end of _I2C_Master_Init
_ADC_Init:
;TempSensor.c,3 :: 		void ADC_Init(){
;TempSensor.c,5 :: 		ADCON0=0x51;
0x0258	0x3051      	MOVLW      81
0x0259	0x1283      	BCF        STATUS, 5
0x025A	0x1303      	BCF        STATUS, 6
0x025B	0x009F      	MOVWF      ADCON0
;TempSensor.c,7 :: 		ADCON1=0x80;
0x025C	0x3080      	MOVLW      128
0x025D	0x1683      	BSF        STATUS, 5
0x025E	0x009F      	MOVWF      ADCON1
;TempSensor.c,8 :: 		}
L_end_ADC_Init:
0x025F	0x0008      	RETURN
; end of _ADC_Init
_main:
;MyProject.c,7 :: 		void main() {
;MyProject.c,13 :: 		int count=0;
0x0260	0x1283      	BCF        STATUS, 5
0x0261	0x1303      	BCF        STATUS, 6
0x0262	0x01A9      	CLRF       main_count_L0
0x0263	0x01AA      	CLRF       main_count_L0+1
0x0264	0x01AB      	CLRF       main_i_L0
0x0265	0x01AC      	CLRF       main_i_L0+1
0x0266	0x3001      	MOVLW      1
0x0267	0x00AD      	MOVWF      main_x_L0
0x0268	0x3000      	MOVLW      0
0x0269	0x00AE      	MOVWF      main_x_L0+1
;MyProject.c,20 :: 		I2C_Master_Init();
0x026A	0x224B      	CALL       _I2C_Master_Init
;MyProject.c,21 :: 		ADC_Init();
0x026B	0x2258      	CALL       _ADC_Init
;MyProject.c,22 :: 		TRISC2_bit=0;
0x026C	0x1107      	BCF        TRISC2_bit, BitPos(TRISC2_bit+0)
;MyProject.c,23 :: 		TRISC5_bit=0;
0x026D	0x1287      	BCF        TRISC5_bit, BitPos(TRISC5_bit+0)
;MyProject.c,24 :: 		TRISA3_bit=0;
0x026E	0x1185      	BCF        TRISA3_bit, BitPos(TRISA3_bit+0)
;MyProject.c,25 :: 		TRISA4_bit=0;
0x026F	0x1205      	BCF        TRISA4_bit, BitPos(TRISA4_bit+0)
;MyProject.c,27 :: 		TRISB=0x07;
0x0270	0x3007      	MOVLW      7
0x0271	0x0086      	MOVWF      TRISB
;MyProject.c,35 :: 		On_Off_flag=0;
0x0272	0x1283      	BCF        STATUS, 5
0x0273	0x01A7      	CLRF       main_On_Off_flag_L0
0x0274	0x01A8      	CLRF       main_On_Off_flag_L0+1
;MyProject.c,39 :: 		EEPROM_Write_INT(0x4000, 60);
0x0275	0x3000      	MOVLW      0
0x0276	0x00AF      	MOVWF      FARG_EEPROM_Write_INT_add
0x0277	0x3040      	MOVLW      64
0x0278	0x00B0      	MOVWF      FARG_EEPROM_Write_INT_add+1
0x0279	0x303C      	MOVLW      60
0x027A	0x00B1      	MOVWF      FARG_EEPROM_Write_INT_Data
0x027B	0x3000      	MOVLW      0
0x027C	0x00B2      	MOVWF      FARG_EEPROM_Write_INT_Data+1
0x027D	0x222E      	CALL       _EEPROM_Write_INT
;MyProject.c,42 :: 		while(1){
L_main0:
;MyProject.c,44 :: 		if(PORTB ==0x06){
0x027E	0x1283      	BCF        STATUS, 5
0x027F	0x0806      	MOVF       PORTB, 0
0x0280	0x3A06      	XORLW      6
0x0281	0x1D03      	BTFSS      STATUS, 2
0x0282	0x2DF2      	GOTO       L_main2
;MyProject.c,48 :: 		if( On_Off_flag==0){
0x0283	0x3000      	MOVLW      0
0x0284	0x0628      	XORWF      main_On_Off_flag_L0+1, 0
0x0285	0x1D03      	BTFSS      STATUS, 2
0x0286	0x2A89      	GOTO       L__main116
0x0287	0x3000      	MOVLW      0
0x0288	0x0627      	XORWF      main_On_Off_flag_L0, 0
L__main116:
0x0289	0x1D03      	BTFSS      STATUS, 2
0x028A	0x2DD8      	GOTO       L_main3
;MyProject.c,49 :: 		Setting_temp=EEPROM_Read_INT(0x4000);
0x028B	0x3000      	MOVLW      0
0x028C	0x00AF      	MOVWF      FARG_EEPROM_Read_INT_add
0x028D	0x3040      	MOVLW      64
0x028E	0x00B0      	MOVWF      FARG_EEPROM_Read_INT_add+1
0x028F	0x21AB      	CALL       _EEPROM_Read_INT
0x0290	0x0870      	MOVF       R0, 0
0x0291	0x00A3      	MOVWF      main_Setting_temp_L0
0x0292	0x0871      	MOVF       R0+1, 0
0x0293	0x00A4      	MOVWF      main_Setting_temp_L0+1
;MyProject.c,51 :: 		delay_ms(300);
0x0294	0x3004      	MOVLW      4
0x0295	0x00FB      	MOVWF      R11
0x0296	0x300C      	MOVLW      12
0x0297	0x00FC      	MOVWF      R12
0x0298	0x3033      	MOVLW      51
0x0299	0x00FD      	MOVWF      R13
L_main4:
0x029A	0x0BFD      	DECFSZ     R13, 1
0x029B	0x2A9A      	GOTO       L_main4
0x029C	0x0BFC      	DECFSZ     R12, 1
0x029D	0x2A9A      	GOTO       L_main4
0x029E	0x0BFB      	DECFSZ     R11, 1
0x029F	0x2A9A      	GOTO       L_main4
0x02A0	0x0000      	NOP
0x02A1	0x0000      	NOP
;MyProject.c,52 :: 		while(1){
L_main5:
;MyProject.c,56 :: 		while(Read_Temp()<(setting_temp+5)){
L_main7:
0x02A2	0x218B      	CALL       _Read_Temp
0x02A3	0x3005      	MOVLW      5
0x02A4	0x0723      	ADDWF      main_Setting_temp_L0, 0
0x02A5	0x00F3      	MOVWF      R3
0x02A6	0x0824      	MOVF       main_Setting_temp_L0+1, 0
0x02A7	0x1803      	BTFSC      STATUS, 0
0x02A8	0x3E01      	ADDLW      1
0x02A9	0x00F4      	MOVWF      R3+1
0x02AA	0x0874      	MOVF       R3+1, 0
0x02AB	0x0271      	SUBWF      R0+1, 0
0x02AC	0x1D03      	BTFSS      STATUS, 2
0x02AD	0x2AB0      	GOTO       L__main117
0x02AE	0x0873      	MOVF       R3, 0
0x02AF	0x0270      	SUBWF      R0, 0
L__main117:
0x02B0	0x1803      	BTFSC      STATUS, 0
0x02B1	0x2C66      	GOTO       L_main8
;MyProject.c,57 :: 		count++;
0x02B2	0x0AA9      	INCF       main_count_L0, 1
0x02B3	0x1903      	BTFSC      STATUS, 2
0x02B4	0x0AAA      	INCF       main_count_L0+1, 1
;MyProject.c,58 :: 		if(count>=10){
0x02B5	0x3080      	MOVLW      128
0x02B6	0x062A      	XORWF      main_count_L0+1, 0
0x02B7	0x00F0      	MOVWF      R0
0x02B8	0x3080      	MOVLW      128
0x02B9	0x0270      	SUBWF      R0, 0
0x02BA	0x1D03      	BTFSS      STATUS, 2
0x02BB	0x2ABE      	GOTO       L__main118
0x02BC	0x300A      	MOVLW      10
0x02BD	0x0229      	SUBWF      main_count_L0, 0
L__main118:
0x02BE	0x1C03      	BTFSS      STATUS, 0
0x02BF	0x2C65      	GOTO       L_main9
;MyProject.c,59 :: 		count=0;
0x02C0	0x01A9      	CLRF       main_count_L0
0x02C1	0x01AA      	CLRF       main_count_L0+1
;MyProject.c,60 :: 		PORTC=0;
0x02C2	0x0187      	CLRF       PORTC
;MyProject.c,62 :: 		PORTC|=0x20;
0x02C3	0x1687      	BSF        PORTC, 5
;MyProject.c,64 :: 		j=0;
0x02C4	0x01A5      	CLRF       main_j_L0
0x02C5	0x01A6      	CLRF       main_j_L0+1
;MyProject.c,65 :: 		while(j<200){
L_main10:
0x02C6	0x3080      	MOVLW      128
0x02C7	0x0626      	XORWF      main_j_L0+1, 0
0x02C8	0x00F0      	MOVWF      R0
0x02C9	0x3080      	MOVLW      128
0x02CA	0x0270      	SUBWF      R0, 0
0x02CB	0x1D03      	BTFSS      STATUS, 2
0x02CC	0x2ACF      	GOTO       L__main119
0x02CD	0x30C8      	MOVLW      200
0x02CE	0x0225      	SUBWF      main_j_L0, 0
L__main119:
0x02CF	0x1803      	BTFSC      STATUS, 0
0x02D0	0x2AFA      	GOTO       L_main11
;MyProject.c,66 :: 		Print_2digits_Number(Read_Temp());
0x02D1	0x218B      	CALL       _Read_Temp
0x02D2	0x0870      	MOVF       R0, 0
0x02D3	0x00AF      	MOVWF      FARG_Print_2digits_Number_number
0x02D4	0x0871      	MOVF       R0+1, 0
0x02D5	0x00B0      	MOVWF      FARG_Print_2digits_Number_number+1
0x02D6	0x21D6      	CALL       _Print_2digits_Number
;MyProject.c,67 :: 		PORTB=0;
0x02D7	0x0186      	CLRF       PORTB
;MyProject.c,68 :: 		delay_ms(2);
0x02D8	0x3006      	MOVLW      6
0x02D9	0x00FC      	MOVWF      R12
0x02DA	0x3030      	MOVLW      48
0x02DB	0x00FD      	MOVWF      R13
L_main12:
0x02DC	0x0BFD      	DECFSZ     R13, 1
0x02DD	0x2ADC      	GOTO       L_main12
0x02DE	0x0BFC      	DECFSZ     R12, 1
0x02DF	0x2ADC      	GOTO       L_main12
0x02E0	0x0000      	NOP
;MyProject.c,69 :: 		if(PORTB==0x05){
0x02E1	0x0806      	MOVF       PORTB, 0
0x02E2	0x3A05      	XORLW      5
0x02E3	0x1D03      	BTFSS      STATUS, 2
0x02E4	0x2AE8      	GOTO       L_main13
;MyProject.c,70 :: 		x=0;
0x02E5	0x01AD      	CLRF       main_x_L0
0x02E6	0x01AE      	CLRF       main_x_L0+1
;MyProject.c,71 :: 		break;}
0x02E7	0x2AFA      	GOTO       L_main11
L_main13:
;MyProject.c,72 :: 		else if(PORTB==0x03){
0x02E8	0x0806      	MOVF       PORTB, 0
0x02E9	0x3A03      	XORLW      3
0x02EA	0x1D03      	BTFSS      STATUS, 2
0x02EB	0x2AEF      	GOTO       L_main15
;MyProject.c,73 :: 		x=0;
0x02EC	0x01AD      	CLRF       main_x_L0
0x02ED	0x01AE      	CLRF       main_x_L0+1
;MyProject.c,74 :: 		break;}
0x02EE	0x2AFA      	GOTO       L_main11
L_main15:
;MyProject.c,75 :: 		else if(PORTB==0x06){
0x02EF	0x0806      	MOVF       PORTB, 0
0x02F0	0x3A06      	XORLW      6
0x02F1	0x1D03      	BTFSS      STATUS, 2
0x02F2	0x2AF6      	GOTO       L_main17
;MyProject.c,76 :: 		x=0;
0x02F3	0x01AD      	CLRF       main_x_L0
0x02F4	0x01AE      	CLRF       main_x_L0+1
;MyProject.c,77 :: 		break;}
0x02F5	0x2AFA      	GOTO       L_main11
L_main17:
;MyProject.c,78 :: 		j++;
0x02F6	0x0AA5      	INCF       main_j_L0, 1
0x02F7	0x1903      	BTFSC      STATUS, 2
0x02F8	0x0AA6      	INCF       main_j_L0+1, 1
;MyProject.c,79 :: 		}
0x02F9	0x2AC6      	GOTO       L_main10
L_main11:
;MyProject.c,80 :: 		j=0;
0x02FA	0x01A5      	CLRF       main_j_L0
0x02FB	0x01A6      	CLRF       main_j_L0+1
;MyProject.c,81 :: 		while(j<100){
L_main18:
0x02FC	0x3080      	MOVLW      128
0x02FD	0x0626      	XORWF      main_j_L0+1, 0
0x02FE	0x00F0      	MOVWF      R0
0x02FF	0x3080      	MOVLW      128
0x0300	0x0270      	SUBWF      R0, 0
0x0301	0x1D03      	BTFSS      STATUS, 2
0x0302	0x2B05      	GOTO       L__main120
0x0303	0x3064      	MOVLW      100
0x0304	0x0225      	SUBWF      main_j_L0, 0
L__main120:
0x0305	0x1803      	BTFSC      STATUS, 0
0x0306	0x2B28      	GOTO       L_main19
;MyProject.c,82 :: 		if(x==0){
0x0307	0x3000      	MOVLW      0
0x0308	0x062E      	XORWF      main_x_L0+1, 0
0x0309	0x1D03      	BTFSS      STATUS, 2
0x030A	0x2B0D      	GOTO       L__main121
0x030B	0x3000      	MOVLW      0
0x030C	0x062D      	XORWF      main_x_L0, 0
L__main121:
0x030D	0x1D03      	BTFSS      STATUS, 2
0x030E	0x2B14      	GOTO       L_main20
;MyProject.c,83 :: 		x=1;
0x030F	0x3001      	MOVLW      1
0x0310	0x00AD      	MOVWF      main_x_L0
0x0311	0x3000      	MOVLW      0
0x0312	0x00AE      	MOVWF      main_x_L0+1
;MyProject.c,84 :: 		break;
0x0313	0x2B28      	GOTO       L_main19
;MyProject.c,85 :: 		}
L_main20:
;MyProject.c,86 :: 		Print_2digits_Number(Read_Temp());
0x0314	0x218B      	CALL       _Read_Temp
0x0315	0x0870      	MOVF       R0, 0
0x0316	0x00AF      	MOVWF      FARG_Print_2digits_Number_number
0x0317	0x0871      	MOVF       R0+1, 0
0x0318	0x00B0      	MOVWF      FARG_Print_2digits_Number_number+1
0x0319	0x21D6      	CALL       _Print_2digits_Number
;MyProject.c,87 :: 		PORTB|=0x10;
0x031A	0x1606      	BSF        PORTB, 4
;MyProject.c,88 :: 		delay_ms(2);
0x031B	0x3006      	MOVLW      6
0x031C	0x00FC      	MOVWF      R12
0x031D	0x3030      	MOVLW      48
0x031E	0x00FD      	MOVWF      R13
L_main21:
0x031F	0x0BFD      	DECFSZ     R13, 1
0x0320	0x2B1F      	GOTO       L_main21
0x0321	0x0BFC      	DECFSZ     R12, 1
0x0322	0x2B1F      	GOTO       L_main21
0x0323	0x0000      	NOP
;MyProject.c,89 :: 		j++;
0x0324	0x0AA5      	INCF       main_j_L0, 1
0x0325	0x1903      	BTFSC      STATUS, 2
0x0326	0x0AA6      	INCF       main_j_L0+1, 1
;MyProject.c,90 :: 		}
0x0327	0x2AFC      	GOTO       L_main18
L_main19:
;MyProject.c,94 :: 		if(PORTB==0x06){
0x0328	0x0806      	MOVF       PORTB, 0
0x0329	0x3A06      	XORLW      6
0x032A	0x1D03      	BTFSS      STATUS, 2
0x032B	0x2B31      	GOTO       L_main22
;MyProject.c,95 :: 		On_Off_flag=1;
0x032C	0x3001      	MOVLW      1
0x032D	0x00A7      	MOVWF      main_On_Off_flag_L0
0x032E	0x3000      	MOVLW      0
0x032F	0x00A8      	MOVWF      main_On_Off_flag_L0+1
;MyProject.c,96 :: 		break;}
0x0330	0x2C66      	GOTO       L_main8
L_main22:
;MyProject.c,99 :: 		else if(PORTB==0x05){
0x0331	0x0806      	MOVF       PORTB, 0
0x0332	0x3A05      	XORLW      5
0x0333	0x1D03      	BTFSS      STATUS, 2
0x0334	0x2BCB      	GOTO       L_main24
;MyProject.c,100 :: 		delay_ms(300);
0x0335	0x3004      	MOVLW      4
0x0336	0x00FB      	MOVWF      R11
0x0337	0x300C      	MOVLW      12
0x0338	0x00FC      	MOVWF      R12
0x0339	0x3033      	MOVLW      51
0x033A	0x00FD      	MOVWF      R13
L_main25:
0x033B	0x0BFD      	DECFSZ     R13, 1
0x033C	0x2B3B      	GOTO       L_main25
0x033D	0x0BFC      	DECFSZ     R12, 1
0x033E	0x2B3B      	GOTO       L_main25
0x033F	0x0BFB      	DECFSZ     R11, 1
0x0340	0x2B3B      	GOTO       L_main25
0x0341	0x0000      	NOP
0x0342	0x0000      	NOP
;MyProject.c,101 :: 		if(setting_temp<75){
0x0343	0x3000      	MOVLW      0
0x0344	0x0224      	SUBWF      main_Setting_temp_L0+1, 0
0x0345	0x1D03      	BTFSS      STATUS, 2
0x0346	0x2B49      	GOTO       L__main122
0x0347	0x304B      	MOVLW      75
0x0348	0x0223      	SUBWF      main_Setting_temp_L0, 0
L__main122:
0x0349	0x1803      	BTFSC      STATUS, 0
0x034A	0x2BCA      	GOTO       L_main26
;MyProject.c,102 :: 		EEPROM_Write_INT(0x4000, setting_temp+5);
0x034B	0x3000      	MOVLW      0
0x034C	0x00AF      	MOVWF      FARG_EEPROM_Write_INT_add
0x034D	0x3040      	MOVLW      64
0x034E	0x00B0      	MOVWF      FARG_EEPROM_Write_INT_add+1
0x034F	0x3005      	MOVLW      5
0x0350	0x0723      	ADDWF      main_Setting_temp_L0, 0
0x0351	0x00B1      	MOVWF      FARG_EEPROM_Write_INT_Data
0x0352	0x0824      	MOVF       main_Setting_temp_L0+1, 0
0x0353	0x1803      	BTFSC      STATUS, 0
0x0354	0x3E01      	ADDLW      1
0x0355	0x00B2      	MOVWF      FARG_EEPROM_Write_INT_Data+1
0x0356	0x222E      	CALL       _EEPROM_Write_INT
;MyProject.c,103 :: 		setting_temp=EEPROM_Read_INT(0x4000);
0x0357	0x3000      	MOVLW      0
0x0358	0x1283      	BCF        STATUS, 5
0x0359	0x00AF      	MOVWF      FARG_EEPROM_Read_INT_add
0x035A	0x3040      	MOVLW      64
0x035B	0x00B0      	MOVWF      FARG_EEPROM_Read_INT_add+1
0x035C	0x21AB      	CALL       _EEPROM_Read_INT
0x035D	0x0870      	MOVF       R0, 0
0x035E	0x00A3      	MOVWF      main_Setting_temp_L0
0x035F	0x0871      	MOVF       R0+1, 0
0x0360	0x00A4      	MOVWF      main_Setting_temp_L0+1
;MyProject.c,104 :: 		i=0;
0x0361	0x01AB      	CLRF       main_i_L0
0x0362	0x01AC      	CLRF       main_i_L0+1
;MyProject.c,105 :: 		while(i<5){
L_main27:
0x0363	0x3080      	MOVLW      128
0x0364	0x062C      	XORWF      main_i_L0+1, 0
0x0365	0x00F0      	MOVWF      R0
0x0366	0x3080      	MOVLW      128
0x0367	0x0270      	SUBWF      R0, 0
0x0368	0x1D03      	BTFSS      STATUS, 2
0x0369	0x2B6C      	GOTO       L__main123
0x036A	0x3005      	MOVLW      5
0x036B	0x022B      	SUBWF      main_i_L0, 0
L__main123:
0x036C	0x1803      	BTFSC      STATUS, 0
0x036D	0x2BCA      	GOTO       L_main28
;MyProject.c,106 :: 		j=0;
0x036E	0x01A5      	CLRF       main_j_L0
0x036F	0x01A6      	CLRF       main_j_L0+1
;MyProject.c,107 :: 		while(j<200){
L_main29:
0x0370	0x3080      	MOVLW      128
0x0371	0x0626      	XORWF      main_j_L0+1, 0
0x0372	0x00F0      	MOVWF      R0
0x0373	0x3080      	MOVLW      128
0x0374	0x0270      	SUBWF      R0, 0
0x0375	0x1D03      	BTFSS      STATUS, 2
0x0376	0x2B79      	GOTO       L__main124
0x0377	0x30C8      	MOVLW      200
0x0378	0x0225      	SUBWF      main_j_L0, 0
L__main124:
0x0379	0x1803      	BTFSC      STATUS, 0
0x037A	0x2B93      	GOTO       L_main30
;MyProject.c,108 :: 		PORTA=0;
0x037B	0x0185      	CLRF       PORTA
;MyProject.c,109 :: 		delay_ms(2);
0x037C	0x3006      	MOVLW      6
0x037D	0x00FC      	MOVWF      R12
0x037E	0x3030      	MOVLW      48
0x037F	0x00FD      	MOVWF      R13
L_main31:
0x0380	0x0BFD      	DECFSZ     R13, 1
0x0381	0x2B80      	GOTO       L_main31
0x0382	0x0BFC      	DECFSZ     R12, 1
0x0383	0x2B80      	GOTO       L_main31
0x0384	0x0000      	NOP
;MyProject.c,110 :: 		if(PORTB==0x05){
0x0385	0x0806      	MOVF       PORTB, 0
0x0386	0x3A05      	XORLW      5
0x0387	0x1D03      	BTFSS      STATUS, 2
0x0388	0x2B8A      	GOTO       L_main32
;MyProject.c,111 :: 		break;}
0x0389	0x2B93      	GOTO       L_main30
L_main32:
;MyProject.c,112 :: 		else if(PORTB==0x03){
0x038A	0x0806      	MOVF       PORTB, 0
0x038B	0x3A03      	XORLW      3
0x038C	0x1D03      	BTFSS      STATUS, 2
0x038D	0x2B8F      	GOTO       L_main34
;MyProject.c,113 :: 		break;}
0x038E	0x2B93      	GOTO       L_main30
L_main34:
;MyProject.c,114 :: 		j++;
0x038F	0x0AA5      	INCF       main_j_L0, 1
0x0390	0x1903      	BTFSC      STATUS, 2
0x0391	0x0AA6      	INCF       main_j_L0+1, 1
;MyProject.c,115 :: 		}
0x0392	0x2B70      	GOTO       L_main29
L_main30:
;MyProject.c,116 :: 		j=0;
0x0393	0x01A5      	CLRF       main_j_L0
0x0394	0x01A6      	CLRF       main_j_L0+1
;MyProject.c,117 :: 		while(j<200){
L_main35:
0x0395	0x3080      	MOVLW      128
0x0396	0x0626      	XORWF      main_j_L0+1, 0
0x0397	0x00F0      	MOVWF      R0
0x0398	0x3080      	MOVLW      128
0x0399	0x0270      	SUBWF      R0, 0
0x039A	0x1D03      	BTFSS      STATUS, 2
0x039B	0x2B9E      	GOTO       L__main125
0x039C	0x30C8      	MOVLW      200
0x039D	0x0225      	SUBWF      main_j_L0, 0
L__main125:
0x039E	0x1803      	BTFSC      STATUS, 0
0x039F	0x2BBC      	GOTO       L_main36
;MyProject.c,118 :: 		Print_2digits_Number(setting_temp);
0x03A0	0x0823      	MOVF       main_Setting_temp_L0, 0
0x03A1	0x00AF      	MOVWF      FARG_Print_2digits_Number_number
0x03A2	0x0824      	MOVF       main_Setting_temp_L0+1, 0
0x03A3	0x00B0      	MOVWF      FARG_Print_2digits_Number_number+1
0x03A4	0x21D6      	CALL       _Print_2digits_Number
;MyProject.c,119 :: 		delay_ms(2);
0x03A5	0x3006      	MOVLW      6
0x03A6	0x00FC      	MOVWF      R12
0x03A7	0x3030      	MOVLW      48
0x03A8	0x00FD      	MOVWF      R13
L_main37:
0x03A9	0x0BFD      	DECFSZ     R13, 1
0x03AA	0x2BA9      	GOTO       L_main37
0x03AB	0x0BFC      	DECFSZ     R12, 1
0x03AC	0x2BA9      	GOTO       L_main37
0x03AD	0x0000      	NOP
;MyProject.c,120 :: 		if(PORTB==0x05){
0x03AE	0x0806      	MOVF       PORTB, 0
0x03AF	0x3A05      	XORLW      5
0x03B0	0x1D03      	BTFSS      STATUS, 2
0x03B1	0x2BB3      	GOTO       L_main38
;MyProject.c,121 :: 		break;}
0x03B2	0x2BBC      	GOTO       L_main36
L_main38:
;MyProject.c,122 :: 		else if(PORTB==0x03){
0x03B3	0x0806      	MOVF       PORTB, 0
0x03B4	0x3A03      	XORLW      3
0x03B5	0x1D03      	BTFSS      STATUS, 2
0x03B6	0x2BB8      	GOTO       L_main40
;MyProject.c,123 :: 		break;}
0x03B7	0x2BBC      	GOTO       L_main36
L_main40:
;MyProject.c,124 :: 		j++;}
0x03B8	0x0AA5      	INCF       main_j_L0, 1
0x03B9	0x1903      	BTFSC      STATUS, 2
0x03BA	0x0AA6      	INCF       main_j_L0+1, 1
0x03BB	0x2B95      	GOTO       L_main35
L_main36:
;MyProject.c,125 :: 		i++;
0x03BC	0x0AAB      	INCF       main_i_L0, 1
0x03BD	0x1903      	BTFSC      STATUS, 2
0x03BE	0x0AAC      	INCF       main_i_L0+1, 1
;MyProject.c,126 :: 		if(PORTB==0x05){
0x03BF	0x0806      	MOVF       PORTB, 0
0x03C0	0x3A05      	XORLW      5
0x03C1	0x1D03      	BTFSS      STATUS, 2
0x03C2	0x2BC4      	GOTO       L_main41
;MyProject.c,127 :: 		break;}
0x03C3	0x2BCA      	GOTO       L_main28
L_main41:
;MyProject.c,128 :: 		else if(PORTB==0x03){
0x03C4	0x0806      	MOVF       PORTB, 0
0x03C5	0x3A03      	XORLW      3
0x03C6	0x1D03      	BTFSS      STATUS, 2
0x03C7	0x2BC9      	GOTO       L_main43
;MyProject.c,129 :: 		break;}
0x03C8	0x2BCA      	GOTO       L_main28
L_main43:
;MyProject.c,130 :: 		}
0x03C9	0x2B63      	GOTO       L_main27
L_main28:
;MyProject.c,131 :: 		}}
L_main26:
0x03CA	0x2C65      	GOTO       L_main44
L_main24:
;MyProject.c,134 :: 		else if(PORTB==0x03){
0x03CB	0x0806      	MOVF       PORTB, 0
0x03CC	0x3A03      	XORLW      3
0x03CD	0x1D03      	BTFSS      STATUS, 2
0x03CE	0x2C65      	GOTO       L_main45
;MyProject.c,135 :: 		delay_ms(300);
0x03CF	0x3004      	MOVLW      4
0x03D0	0x00FB      	MOVWF      R11
0x03D1	0x300C      	MOVLW      12
0x03D2	0x00FC      	MOVWF      R12
0x03D3	0x3033      	MOVLW      51
0x03D4	0x00FD      	MOVWF      R13
L_main46:
0x03D5	0x0BFD      	DECFSZ     R13, 1
0x03D6	0x2BD5      	GOTO       L_main46
0x03D7	0x0BFC      	DECFSZ     R12, 1
0x03D8	0x2BD5      	GOTO       L_main46
0x03D9	0x0BFB      	DECFSZ     R11, 1
0x03DA	0x2BD5      	GOTO       L_main46
0x03DB	0x0000      	NOP
0x03DC	0x0000      	NOP
;MyProject.c,136 :: 		if(setting_temp>35){
0x03DD	0x0824      	MOVF       main_Setting_temp_L0+1, 0
0x03DE	0x3C00      	SUBLW      0
0x03DF	0x1D03      	BTFSS      STATUS, 2
0x03E0	0x2BE3      	GOTO       L__main126
0x03E1	0x0823      	MOVF       main_Setting_temp_L0, 0
0x03E2	0x3C23      	SUBLW      35
L__main126:
0x03E3	0x1803      	BTFSC      STATUS, 0
0x03E4	0x2C65      	GOTO       L_main47
;MyProject.c,137 :: 		EEPROM_Write_INT(0x4000, setting_temp-5);
0x03E5	0x3000      	MOVLW      0
0x03E6	0x00AF      	MOVWF      FARG_EEPROM_Write_INT_add
0x03E7	0x3040      	MOVLW      64
0x03E8	0x00B0      	MOVWF      FARG_EEPROM_Write_INT_add+1
0x03E9	0x3005      	MOVLW      5
0x03EA	0x0223      	SUBWF      main_Setting_temp_L0, 0
0x03EB	0x00B1      	MOVWF      FARG_EEPROM_Write_INT_Data
0x03EC	0x3000      	MOVLW      0
0x03ED	0x1C03      	BTFSS      STATUS, 0
0x03EE	0x3E01      	ADDLW      1
0x03EF	0x0224      	SUBWF      main_Setting_temp_L0+1, 0
0x03F0	0x00B2      	MOVWF      FARG_EEPROM_Write_INT_Data+1
0x03F1	0x222E      	CALL       _EEPROM_Write_INT
;MyProject.c,138 :: 		setting_temp=EEPROM_Read_INT(0x4000);
0x03F2	0x3000      	MOVLW      0
0x03F3	0x1283      	BCF        STATUS, 5
0x03F4	0x00AF      	MOVWF      FARG_EEPROM_Read_INT_add
0x03F5	0x3040      	MOVLW      64
0x03F6	0x00B0      	MOVWF      FARG_EEPROM_Read_INT_add+1
0x03F7	0x21AB      	CALL       _EEPROM_Read_INT
0x03F8	0x0870      	MOVF       R0, 0
0x03F9	0x00A3      	MOVWF      main_Setting_temp_L0
0x03FA	0x0871      	MOVF       R0+1, 0
0x03FB	0x00A4      	MOVWF      main_Setting_temp_L0+1
;MyProject.c,139 :: 		i=0;
0x03FC	0x01AB      	CLRF       main_i_L0
0x03FD	0x01AC      	CLRF       main_i_L0+1
;MyProject.c,140 :: 		while(i<5){
L_main48:
0x03FE	0x3080      	MOVLW      128
0x03FF	0x062C      	XORWF      main_i_L0+1, 0
0x0400	0x00F0      	MOVWF      R0
0x0401	0x3080      	MOVLW      128
0x0402	0x0270      	SUBWF      R0, 0
0x0403	0x1D03      	BTFSS      STATUS, 2
0x0404	0x2C07      	GOTO       L__main127
0x0405	0x3005      	MOVLW      5
0x0406	0x022B      	SUBWF      main_i_L0, 0
L__main127:
0x0407	0x1803      	BTFSC      STATUS, 0
0x0408	0x2C65      	GOTO       L_main49
;MyProject.c,141 :: 		j=0;
0x0409	0x01A5      	CLRF       main_j_L0
0x040A	0x01A6      	CLRF       main_j_L0+1
;MyProject.c,142 :: 		while(j<200){
L_main50:
0x040B	0x3080      	MOVLW      128
0x040C	0x0626      	XORWF      main_j_L0+1, 0
0x040D	0x00F0      	MOVWF      R0
0x040E	0x3080      	MOVLW      128
0x040F	0x0270      	SUBWF      R0, 0
0x0410	0x1D03      	BTFSS      STATUS, 2
0x0411	0x2C14      	GOTO       L__main128
0x0412	0x30C8      	MOVLW      200
0x0413	0x0225      	SUBWF      main_j_L0, 0
L__main128:
0x0414	0x1803      	BTFSC      STATUS, 0
0x0415	0x2C2E      	GOTO       L_main51
;MyProject.c,143 :: 		PORTA=0;
0x0416	0x0185      	CLRF       PORTA
;MyProject.c,144 :: 		delay_ms(2);
0x0417	0x3006      	MOVLW      6
0x0418	0x00FC      	MOVWF      R12
0x0419	0x3030      	MOVLW      48
0x041A	0x00FD      	MOVWF      R13
L_main52:
0x041B	0x0BFD      	DECFSZ     R13, 1
0x041C	0x2C1B      	GOTO       L_main52
0x041D	0x0BFC      	DECFSZ     R12, 1
0x041E	0x2C1B      	GOTO       L_main52
0x041F	0x0000      	NOP
;MyProject.c,145 :: 		if(PORTB==0x03){
0x0420	0x0806      	MOVF       PORTB, 0
0x0421	0x3A03      	XORLW      3
0x0422	0x1D03      	BTFSS      STATUS, 2
0x0423	0x2C25      	GOTO       L_main53
;MyProject.c,146 :: 		break;
0x0424	0x2C2E      	GOTO       L_main51
;MyProject.c,147 :: 		}
L_main53:
;MyProject.c,148 :: 		else if(PORTB==0x05){
0x0425	0x0806      	MOVF       PORTB, 0
0x0426	0x3A05      	XORLW      5
0x0427	0x1D03      	BTFSS      STATUS, 2
0x0428	0x2C2A      	GOTO       L_main55
;MyProject.c,149 :: 		break;}
0x0429	0x2C2E      	GOTO       L_main51
L_main55:
;MyProject.c,150 :: 		j++;
0x042A	0x0AA5      	INCF       main_j_L0, 1
0x042B	0x1903      	BTFSC      STATUS, 2
0x042C	0x0AA6      	INCF       main_j_L0+1, 1
;MyProject.c,151 :: 		}
0x042D	0x2C0B      	GOTO       L_main50
L_main51:
;MyProject.c,152 :: 		j=0;
0x042E	0x01A5      	CLRF       main_j_L0
0x042F	0x01A6      	CLRF       main_j_L0+1
;MyProject.c,153 :: 		while(j<200){
L_main56:
0x0430	0x3080      	MOVLW      128
0x0431	0x0626      	XORWF      main_j_L0+1, 0
0x0432	0x00F0      	MOVWF      R0
0x0433	0x3080      	MOVLW      128
0x0434	0x0270      	SUBWF      R0, 0
0x0435	0x1D03      	BTFSS      STATUS, 2
0x0436	0x2C39      	GOTO       L__main129
0x0437	0x30C8      	MOVLW      200
0x0438	0x0225      	SUBWF      main_j_L0, 0
L__main129:
0x0439	0x1803      	BTFSC      STATUS, 0
0x043A	0x2C57      	GOTO       L_main57
;MyProject.c,154 :: 		Print_2digits_Number(setting_temp);
0x043B	0x0823      	MOVF       main_Setting_temp_L0, 0
0x043C	0x00AF      	MOVWF      FARG_Print_2digits_Number_number
0x043D	0x0824      	MOVF       main_Setting_temp_L0+1, 0
0x043E	0x00B0      	MOVWF      FARG_Print_2digits_Number_number+1
0x043F	0x21D6      	CALL       _Print_2digits_Number
;MyProject.c,155 :: 		delay_ms(2);
0x0440	0x3006      	MOVLW      6
0x0441	0x00FC      	MOVWF      R12
0x0442	0x3030      	MOVLW      48
0x0443	0x00FD      	MOVWF      R13
L_main58:
0x0444	0x0BFD      	DECFSZ     R13, 1
0x0445	0x2C44      	GOTO       L_main58
0x0446	0x0BFC      	DECFSZ     R12, 1
0x0447	0x2C44      	GOTO       L_main58
0x0448	0x0000      	NOP
;MyProject.c,156 :: 		j++;
0x0449	0x0AA5      	INCF       main_j_L0, 1
0x044A	0x1903      	BTFSC      STATUS, 2
0x044B	0x0AA6      	INCF       main_j_L0+1, 1
;MyProject.c,157 :: 		if(PORTB==0x03){
0x044C	0x0806      	MOVF       PORTB, 0
0x044D	0x3A03      	XORLW      3
0x044E	0x1D03      	BTFSS      STATUS, 2
0x044F	0x2C51      	GOTO       L_main59
;MyProject.c,158 :: 		break;
0x0450	0x2C57      	GOTO       L_main57
;MyProject.c,159 :: 		}
L_main59:
;MyProject.c,160 :: 		else if(PORTB==0x05){
0x0451	0x0806      	MOVF       PORTB, 0
0x0452	0x3A05      	XORLW      5
0x0453	0x1D03      	BTFSS      STATUS, 2
0x0454	0x2C56      	GOTO       L_main61
;MyProject.c,161 :: 		break;}
0x0455	0x2C57      	GOTO       L_main57
L_main61:
;MyProject.c,162 :: 		}
0x0456	0x2C30      	GOTO       L_main56
L_main57:
;MyProject.c,163 :: 		i++;
0x0457	0x0AAB      	INCF       main_i_L0, 1
0x0458	0x1903      	BTFSC      STATUS, 2
0x0459	0x0AAC      	INCF       main_i_L0+1, 1
;MyProject.c,164 :: 		if(PORTB==0x03){
0x045A	0x0806      	MOVF       PORTB, 0
0x045B	0x3A03      	XORLW      3
0x045C	0x1D03      	BTFSS      STATUS, 2
0x045D	0x2C5F      	GOTO       L_main62
;MyProject.c,165 :: 		break;
0x045E	0x2C65      	GOTO       L_main49
;MyProject.c,166 :: 		}
L_main62:
;MyProject.c,167 :: 		else if(PORTB==0x05){
0x045F	0x0806      	MOVF       PORTB, 0
0x0460	0x3A05      	XORLW      5
0x0461	0x1D03      	BTFSS      STATUS, 2
0x0462	0x2C64      	GOTO       L_main64
;MyProject.c,168 :: 		break;}
0x0463	0x2C65      	GOTO       L_main49
L_main64:
;MyProject.c,169 :: 		}
0x0464	0x2BFE      	GOTO       L_main48
L_main49:
;MyProject.c,170 :: 		}}
L_main47:
L_main45:
L_main44:
;MyProject.c,172 :: 		}}
L_main9:
0x0465	0x2AA2      	GOTO       L_main7
L_main8:
;MyProject.c,176 :: 		while(Read_Temp()>(setting_temp-5)){
L_main65:
0x0466	0x218B      	CALL       _Read_Temp
0x0467	0x3005      	MOVLW      5
0x0468	0x0223      	SUBWF      main_Setting_temp_L0, 0
0x0469	0x00F3      	MOVWF      R3
0x046A	0x3000      	MOVLW      0
0x046B	0x1C03      	BTFSS      STATUS, 0
0x046C	0x3E01      	ADDLW      1
0x046D	0x0224      	SUBWF      main_Setting_temp_L0+1, 0
0x046E	0x00F4      	MOVWF      R3+1
0x046F	0x0871      	MOVF       R0+1, 0
0x0470	0x0274      	SUBWF      R3+1, 0
0x0471	0x1D03      	BTFSS      STATUS, 2
0x0472	0x2C75      	GOTO       L__main130
0x0473	0x0870      	MOVF       R0, 0
0x0474	0x0273      	SUBWF      R3, 0
L__main130:
0x0475	0x1803      	BTFSC      STATUS, 0
0x0476	0x2DCD      	GOTO       L_main66
;MyProject.c,177 :: 		count++;
0x0477	0x0AA9      	INCF       main_count_L0, 1
0x0478	0x1903      	BTFSC      STATUS, 2
0x0479	0x0AAA      	INCF       main_count_L0+1, 1
;MyProject.c,178 :: 		if(count>=10){
0x047A	0x3080      	MOVLW      128
0x047B	0x062A      	XORWF      main_count_L0+1, 0
0x047C	0x00F0      	MOVWF      R0
0x047D	0x3080      	MOVLW      128
0x047E	0x0270      	SUBWF      R0, 0
0x047F	0x1D03      	BTFSS      STATUS, 2
0x0480	0x2C83      	GOTO       L__main131
0x0481	0x300A      	MOVLW      10
0x0482	0x0229      	SUBWF      main_count_L0, 0
L__main131:
0x0483	0x1C03      	BTFSS      STATUS, 0
0x0484	0x2DCC      	GOTO       L_main67
;MyProject.c,179 :: 		count=0;
0x0485	0x01A9      	CLRF       main_count_L0
0x0486	0x01AA      	CLRF       main_count_L0+1
;MyProject.c,181 :: 		PORTC=0;
0x0487	0x0187      	CLRF       PORTC
;MyProject.c,182 :: 		PORTC|=0x04;
0x0488	0x1507      	BSF        PORTC, 2
;MyProject.c,184 :: 		PORTB|=0x10;
0x0489	0x1606      	BSF        PORTB, 4
;MyProject.c,185 :: 		Print_2digits_Number(Read_Temp());
0x048A	0x218B      	CALL       _Read_Temp
0x048B	0x0870      	MOVF       R0, 0
0x048C	0x00AF      	MOVWF      FARG_Print_2digits_Number_number
0x048D	0x0871      	MOVF       R0+1, 0
0x048E	0x00B0      	MOVWF      FARG_Print_2digits_Number_number+1
0x048F	0x21D6      	CALL       _Print_2digits_Number
;MyProject.c,188 :: 		if(PORTB ==0x16){
0x0490	0x0806      	MOVF       PORTB, 0
0x0491	0x3A16      	XORLW      22
0x0492	0x1D03      	BTFSS      STATUS, 2
0x0493	0x2C9A      	GOTO       L_main68
;MyProject.c,189 :: 		On_Off_flag=1;
0x0494	0x3001      	MOVLW      1
0x0495	0x00A7      	MOVWF      main_On_Off_flag_L0
0x0496	0x3000      	MOVLW      0
0x0497	0x00A8      	MOVWF      main_On_Off_flag_L0+1
;MyProject.c,190 :: 		PORTB=0x00;
0x0498	0x0186      	CLRF       PORTB
;MyProject.c,191 :: 		break;}
0x0499	0x2DCD      	GOTO       L_main66
L_main68:
;MyProject.c,194 :: 		else if(PORTB==0x15){
0x049A	0x0806      	MOVF       PORTB, 0
0x049B	0x3A15      	XORLW      21
0x049C	0x1D03      	BTFSS      STATUS, 2
0x049D	0x2D33      	GOTO       L_main70
;MyProject.c,195 :: 		delay_ms(300);
0x049E	0x3004      	MOVLW      4
0x049F	0x00FB      	MOVWF      R11
0x04A0	0x300C      	MOVLW      12
0x04A1	0x00FC      	MOVWF      R12
0x04A2	0x3033      	MOVLW      51
0x04A3	0x00FD      	MOVWF      R13
L_main71:
0x04A4	0x0BFD      	DECFSZ     R13, 1
0x04A5	0x2CA4      	GOTO       L_main71
0x04A6	0x0BFC      	DECFSZ     R12, 1
0x04A7	0x2CA4      	GOTO       L_main71
0x04A8	0x0BFB      	DECFSZ     R11, 1
0x04A9	0x2CA4      	GOTO       L_main71
0x04AA	0x0000      	NOP
0x04AB	0x0000      	NOP
;MyProject.c,196 :: 		if(setting_temp<75){
0x04AC	0x3000      	MOVLW      0
0x04AD	0x0224      	SUBWF      main_Setting_temp_L0+1, 0
0x04AE	0x1D03      	BTFSS      STATUS, 2
0x04AF	0x2CB2      	GOTO       L__main132
0x04B0	0x304B      	MOVLW      75
0x04B1	0x0223      	SUBWF      main_Setting_temp_L0, 0
L__main132:
0x04B2	0x1803      	BTFSC      STATUS, 0
0x04B3	0x2D32      	GOTO       L_main72
;MyProject.c,198 :: 		setting_temp=setting_temp+5;
0x04B4	0x3005      	MOVLW      5
0x04B5	0x0723      	ADDWF      main_Setting_temp_L0, 0
0x04B6	0x00F0      	MOVWF      R0
0x04B7	0x0824      	MOVF       main_Setting_temp_L0+1, 0
0x04B8	0x1803      	BTFSC      STATUS, 0
0x04B9	0x3E01      	ADDLW      1
0x04BA	0x00F1      	MOVWF      R0+1
0x04BB	0x0870      	MOVF       R0, 0
0x04BC	0x00A3      	MOVWF      main_Setting_temp_L0
0x04BD	0x0871      	MOVF       R0+1, 0
0x04BE	0x00A4      	MOVWF      main_Setting_temp_L0+1
;MyProject.c,199 :: 		EEPROM_Write_INT(0x4000, setting_temp);
0x04BF	0x3000      	MOVLW      0
0x04C0	0x00AF      	MOVWF      FARG_EEPROM_Write_INT_add
0x04C1	0x3040      	MOVLW      64
0x04C2	0x00B0      	MOVWF      FARG_EEPROM_Write_INT_add+1
0x04C3	0x0870      	MOVF       R0, 0
0x04C4	0x00B1      	MOVWF      FARG_EEPROM_Write_INT_Data
0x04C5	0x0871      	MOVF       R0+1, 0
0x04C6	0x00B2      	MOVWF      FARG_EEPROM_Write_INT_Data+1
0x04C7	0x222E      	CALL       _EEPROM_Write_INT
;MyProject.c,200 :: 		i=0;
0x04C8	0x1283      	BCF        STATUS, 5
0x04C9	0x01AB      	CLRF       main_i_L0
0x04CA	0x01AC      	CLRF       main_i_L0+1
;MyProject.c,201 :: 		while(i<5){
L_main73:
0x04CB	0x3080      	MOVLW      128
0x04CC	0x062C      	XORWF      main_i_L0+1, 0
0x04CD	0x00F0      	MOVWF      R0
0x04CE	0x3080      	MOVLW      128
0x04CF	0x0270      	SUBWF      R0, 0
0x04D0	0x1D03      	BTFSS      STATUS, 2
0x04D1	0x2CD4      	GOTO       L__main133
0x04D2	0x3005      	MOVLW      5
0x04D3	0x022B      	SUBWF      main_i_L0, 0
L__main133:
0x04D4	0x1803      	BTFSC      STATUS, 0
0x04D5	0x2D32      	GOTO       L_main74
;MyProject.c,202 :: 		j=0;
0x04D6	0x01A5      	CLRF       main_j_L0
0x04D7	0x01A6      	CLRF       main_j_L0+1
;MyProject.c,203 :: 		while(j<200){
L_main75:
0x04D8	0x3080      	MOVLW      128
0x04D9	0x0626      	XORWF      main_j_L0+1, 0
0x04DA	0x00F0      	MOVWF      R0
0x04DB	0x3080      	MOVLW      128
0x04DC	0x0270      	SUBWF      R0, 0
0x04DD	0x1D03      	BTFSS      STATUS, 2
0x04DE	0x2CE1      	GOTO       L__main134
0x04DF	0x30C8      	MOVLW      200
0x04E0	0x0225      	SUBWF      main_j_L0, 0
L__main134:
0x04E1	0x1803      	BTFSC      STATUS, 0
0x04E2	0x2CFB      	GOTO       L_main76
;MyProject.c,204 :: 		PORTA=0;
0x04E3	0x0185      	CLRF       PORTA
;MyProject.c,205 :: 		delay_ms(2);
0x04E4	0x3006      	MOVLW      6
0x04E5	0x00FC      	MOVWF      R12
0x04E6	0x3030      	MOVLW      48
0x04E7	0x00FD      	MOVWF      R13
L_main77:
0x04E8	0x0BFD      	DECFSZ     R13, 1
0x04E9	0x2CE8      	GOTO       L_main77
0x04EA	0x0BFC      	DECFSZ     R12, 1
0x04EB	0x2CE8      	GOTO       L_main77
0x04EC	0x0000      	NOP
;MyProject.c,206 :: 		j++;
0x04ED	0x0AA5      	INCF       main_j_L0, 1
0x04EE	0x1903      	BTFSC      STATUS, 2
0x04EF	0x0AA6      	INCF       main_j_L0+1, 1
;MyProject.c,207 :: 		if(PORTB==0x15){
0x04F0	0x0806      	MOVF       PORTB, 0
0x04F1	0x3A15      	XORLW      21
0x04F2	0x1D03      	BTFSS      STATUS, 2
0x04F3	0x2CF5      	GOTO       L_main78
;MyProject.c,208 :: 		break;}
0x04F4	0x2CFB      	GOTO       L_main76
L_main78:
;MyProject.c,209 :: 		else if(PORTB==0x13){
0x04F5	0x0806      	MOVF       PORTB, 0
0x04F6	0x3A13      	XORLW      19
0x04F7	0x1D03      	BTFSS      STATUS, 2
0x04F8	0x2CFA      	GOTO       L_main80
;MyProject.c,210 :: 		break;}
0x04F9	0x2CFB      	GOTO       L_main76
L_main80:
;MyProject.c,211 :: 		}
0x04FA	0x2CD8      	GOTO       L_main75
L_main76:
;MyProject.c,212 :: 		j=0;
0x04FB	0x01A5      	CLRF       main_j_L0
0x04FC	0x01A6      	CLRF       main_j_L0+1
;MyProject.c,213 :: 		while(j<200){
L_main81:
0x04FD	0x3080      	MOVLW      128
0x04FE	0x0626      	XORWF      main_j_L0+1, 0
0x04FF	0x00F0      	MOVWF      R0
0x0500	0x3080      	MOVLW      128
0x0501	0x0270      	SUBWF      R0, 0
0x0502	0x1D03      	BTFSS      STATUS, 2
0x0503	0x2D06      	GOTO       L__main135
0x0504	0x30C8      	MOVLW      200
0x0505	0x0225      	SUBWF      main_j_L0, 0
L__main135:
0x0506	0x1803      	BTFSC      STATUS, 0
0x0507	0x2D24      	GOTO       L_main82
;MyProject.c,214 :: 		Print_2digits_Number(setting_temp);
0x0508	0x0823      	MOVF       main_Setting_temp_L0, 0
0x0509	0x00AF      	MOVWF      FARG_Print_2digits_Number_number
0x050A	0x0824      	MOVF       main_Setting_temp_L0+1, 0
0x050B	0x00B0      	MOVWF      FARG_Print_2digits_Number_number+1
0x050C	0x21D6      	CALL       _Print_2digits_Number
;MyProject.c,215 :: 		delay_ms(2);
0x050D	0x3006      	MOVLW      6
0x050E	0x00FC      	MOVWF      R12
0x050F	0x3030      	MOVLW      48
0x0510	0x00FD      	MOVWF      R13
L_main83:
0x0511	0x0BFD      	DECFSZ     R13, 1
0x0512	0x2D11      	GOTO       L_main83
0x0513	0x0BFC      	DECFSZ     R12, 1
0x0514	0x2D11      	GOTO       L_main83
0x0515	0x0000      	NOP
;MyProject.c,216 :: 		j++;
0x0516	0x0AA5      	INCF       main_j_L0, 1
0x0517	0x1903      	BTFSC      STATUS, 2
0x0518	0x0AA6      	INCF       main_j_L0+1, 1
;MyProject.c,217 :: 		if(PORTB==0x15){
0x0519	0x0806      	MOVF       PORTB, 0
0x051A	0x3A15      	XORLW      21
0x051B	0x1D03      	BTFSS      STATUS, 2
0x051C	0x2D1E      	GOTO       L_main84
;MyProject.c,218 :: 		break;}
0x051D	0x2D24      	GOTO       L_main82
L_main84:
;MyProject.c,219 :: 		else if(PORTB==0x13){
0x051E	0x0806      	MOVF       PORTB, 0
0x051F	0x3A13      	XORLW      19
0x0520	0x1D03      	BTFSS      STATUS, 2
0x0521	0x2D23      	GOTO       L_main86
;MyProject.c,220 :: 		break;}
0x0522	0x2D24      	GOTO       L_main82
L_main86:
;MyProject.c,221 :: 		}
0x0523	0x2CFD      	GOTO       L_main81
L_main82:
;MyProject.c,222 :: 		i++;
0x0524	0x0AAB      	INCF       main_i_L0, 1
0x0525	0x1903      	BTFSC      STATUS, 2
0x0526	0x0AAC      	INCF       main_i_L0+1, 1
;MyProject.c,223 :: 		if(PORTB==0x15){
0x0527	0x0806      	MOVF       PORTB, 0
0x0528	0x3A15      	XORLW      21
0x0529	0x1D03      	BTFSS      STATUS, 2
0x052A	0x2D2C      	GOTO       L_main87
;MyProject.c,224 :: 		break;}
0x052B	0x2D32      	GOTO       L_main74
L_main87:
;MyProject.c,225 :: 		else if(PORTB==0x13){
0x052C	0x0806      	MOVF       PORTB, 0
0x052D	0x3A13      	XORLW      19
0x052E	0x1D03      	BTFSS      STATUS, 2
0x052F	0x2D31      	GOTO       L_main89
;MyProject.c,226 :: 		break;}
0x0530	0x2D32      	GOTO       L_main74
L_main89:
;MyProject.c,227 :: 		}
0x0531	0x2CCB      	GOTO       L_main73
L_main74:
;MyProject.c,228 :: 		}}
L_main72:
0x0532	0x2DCC      	GOTO       L_main90
L_main70:
;MyProject.c,231 :: 		else if(PORTB==0x13){
0x0533	0x0806      	MOVF       PORTB, 0
0x0534	0x3A13      	XORLW      19
0x0535	0x1D03      	BTFSS      STATUS, 2
0x0536	0x2DCC      	GOTO       L_main91
;MyProject.c,232 :: 		delay_ms(300);
0x0537	0x3004      	MOVLW      4
0x0538	0x00FB      	MOVWF      R11
0x0539	0x300C      	MOVLW      12
0x053A	0x00FC      	MOVWF      R12
0x053B	0x3033      	MOVLW      51
0x053C	0x00FD      	MOVWF      R13
L_main92:
0x053D	0x0BFD      	DECFSZ     R13, 1
0x053E	0x2D3D      	GOTO       L_main92
0x053F	0x0BFC      	DECFSZ     R12, 1
0x0540	0x2D3D      	GOTO       L_main92
0x0541	0x0BFB      	DECFSZ     R11, 1
0x0542	0x2D3D      	GOTO       L_main92
0x0543	0x0000      	NOP
0x0544	0x0000      	NOP
;MyProject.c,233 :: 		if(setting_temp>35){
0x0545	0x0824      	MOVF       main_Setting_temp_L0+1, 0
0x0546	0x3C00      	SUBLW      0
0x0547	0x1D03      	BTFSS      STATUS, 2
0x0548	0x2D4B      	GOTO       L__main136
0x0549	0x0823      	MOVF       main_Setting_temp_L0, 0
0x054A	0x3C23      	SUBLW      35
L__main136:
0x054B	0x1803      	BTFSC      STATUS, 0
0x054C	0x2DCC      	GOTO       L_main93
;MyProject.c,234 :: 		setting_temp=setting_temp-5;
0x054D	0x3005      	MOVLW      5
0x054E	0x0223      	SUBWF      main_Setting_temp_L0, 0
0x054F	0x00F0      	MOVWF      R0
0x0550	0x3000      	MOVLW      0
0x0551	0x1C03      	BTFSS      STATUS, 0
0x0552	0x3E01      	ADDLW      1
0x0553	0x0224      	SUBWF      main_Setting_temp_L0+1, 0
0x0554	0x00F1      	MOVWF      R0+1
0x0555	0x0870      	MOVF       R0, 0
0x0556	0x00A3      	MOVWF      main_Setting_temp_L0
0x0557	0x0871      	MOVF       R0+1, 0
0x0558	0x00A4      	MOVWF      main_Setting_temp_L0+1
;MyProject.c,235 :: 		EEPROM_Write_INT(0x4000, setting_temp);
0x0559	0x3000      	MOVLW      0
0x055A	0x00AF      	MOVWF      FARG_EEPROM_Write_INT_add
0x055B	0x3040      	MOVLW      64
0x055C	0x00B0      	MOVWF      FARG_EEPROM_Write_INT_add+1
0x055D	0x0870      	MOVF       R0, 0
0x055E	0x00B1      	MOVWF      FARG_EEPROM_Write_INT_Data
0x055F	0x0871      	MOVF       R0+1, 0
0x0560	0x00B2      	MOVWF      FARG_EEPROM_Write_INT_Data+1
0x0561	0x222E      	CALL       _EEPROM_Write_INT
;MyProject.c,236 :: 		i=0;
0x0562	0x1283      	BCF        STATUS, 5
0x0563	0x01AB      	CLRF       main_i_L0
0x0564	0x01AC      	CLRF       main_i_L0+1
;MyProject.c,237 :: 		while(i<5){
L_main94:
0x0565	0x3080      	MOVLW      128
0x0566	0x062C      	XORWF      main_i_L0+1, 0
0x0567	0x00F0      	MOVWF      R0
0x0568	0x3080      	MOVLW      128
0x0569	0x0270      	SUBWF      R0, 0
0x056A	0x1D03      	BTFSS      STATUS, 2
0x056B	0x2D6E      	GOTO       L__main137
0x056C	0x3005      	MOVLW      5
0x056D	0x022B      	SUBWF      main_i_L0, 0
L__main137:
0x056E	0x1803      	BTFSC      STATUS, 0
0x056F	0x2DCC      	GOTO       L_main95
;MyProject.c,238 :: 		j=0;
0x0570	0x01A5      	CLRF       main_j_L0
0x0571	0x01A6      	CLRF       main_j_L0+1
;MyProject.c,239 :: 		while(j<200){
L_main96:
0x0572	0x3080      	MOVLW      128
0x0573	0x0626      	XORWF      main_j_L0+1, 0
0x0574	0x00F0      	MOVWF      R0
0x0575	0x3080      	MOVLW      128
0x0576	0x0270      	SUBWF      R0, 0
0x0577	0x1D03      	BTFSS      STATUS, 2
0x0578	0x2D7B      	GOTO       L__main138
0x0579	0x30C8      	MOVLW      200
0x057A	0x0225      	SUBWF      main_j_L0, 0
L__main138:
0x057B	0x1803      	BTFSC      STATUS, 0
0x057C	0x2D95      	GOTO       L_main97
;MyProject.c,240 :: 		PORTA=0;
0x057D	0x0185      	CLRF       PORTA
;MyProject.c,241 :: 		delay_ms(2);
0x057E	0x3006      	MOVLW      6
0x057F	0x00FC      	MOVWF      R12
0x0580	0x3030      	MOVLW      48
0x0581	0x00FD      	MOVWF      R13
L_main98:
0x0582	0x0BFD      	DECFSZ     R13, 1
0x0583	0x2D82      	GOTO       L_main98
0x0584	0x0BFC      	DECFSZ     R12, 1
0x0585	0x2D82      	GOTO       L_main98
0x0586	0x0000      	NOP
;MyProject.c,242 :: 		j++;
0x0587	0x0AA5      	INCF       main_j_L0, 1
0x0588	0x1903      	BTFSC      STATUS, 2
0x0589	0x0AA6      	INCF       main_j_L0+1, 1
;MyProject.c,243 :: 		if(PORTB==0x15){
0x058A	0x0806      	MOVF       PORTB, 0
0x058B	0x3A15      	XORLW      21
0x058C	0x1D03      	BTFSS      STATUS, 2
0x058D	0x2D8F      	GOTO       L_main99
;MyProject.c,244 :: 		break;}
0x058E	0x2D95      	GOTO       L_main97
L_main99:
;MyProject.c,245 :: 		else if(PORTB==0x13){
0x058F	0x0806      	MOVF       PORTB, 0
0x0590	0x3A13      	XORLW      19
0x0591	0x1D03      	BTFSS      STATUS, 2
0x0592	0x2D94      	GOTO       L_main101
;MyProject.c,246 :: 		break;}
0x0593	0x2D95      	GOTO       L_main97
L_main101:
;MyProject.c,247 :: 		}
0x0594	0x2D72      	GOTO       L_main96
L_main97:
;MyProject.c,248 :: 		j=0;
0x0595	0x01A5      	CLRF       main_j_L0
0x0596	0x01A6      	CLRF       main_j_L0+1
;MyProject.c,249 :: 		while(j<200){
L_main102:
0x0597	0x3080      	MOVLW      128
0x0598	0x0626      	XORWF      main_j_L0+1, 0
0x0599	0x00F0      	MOVWF      R0
0x059A	0x3080      	MOVLW      128
0x059B	0x0270      	SUBWF      R0, 0
0x059C	0x1D03      	BTFSS      STATUS, 2
0x059D	0x2DA0      	GOTO       L__main139
0x059E	0x30C8      	MOVLW      200
0x059F	0x0225      	SUBWF      main_j_L0, 0
L__main139:
0x05A0	0x1803      	BTFSC      STATUS, 0
0x05A1	0x2DBE      	GOTO       L_main103
;MyProject.c,250 :: 		Print_2digits_Number(setting_temp);
0x05A2	0x0823      	MOVF       main_Setting_temp_L0, 0
0x05A3	0x00AF      	MOVWF      FARG_Print_2digits_Number_number
0x05A4	0x0824      	MOVF       main_Setting_temp_L0+1, 0
0x05A5	0x00B0      	MOVWF      FARG_Print_2digits_Number_number+1
0x05A6	0x21D6      	CALL       _Print_2digits_Number
;MyProject.c,251 :: 		delay_ms(2);
0x05A7	0x3006      	MOVLW      6
0x05A8	0x00FC      	MOVWF      R12
0x05A9	0x3030      	MOVLW      48
0x05AA	0x00FD      	MOVWF      R13
L_main104:
0x05AB	0x0BFD      	DECFSZ     R13, 1
0x05AC	0x2DAB      	GOTO       L_main104
0x05AD	0x0BFC      	DECFSZ     R12, 1
0x05AE	0x2DAB      	GOTO       L_main104
0x05AF	0x0000      	NOP
;MyProject.c,252 :: 		if(PORTB==0x15){
0x05B0	0x0806      	MOVF       PORTB, 0
0x05B1	0x3A15      	XORLW      21
0x05B2	0x1D03      	BTFSS      STATUS, 2
0x05B3	0x2DB5      	GOTO       L_main105
;MyProject.c,253 :: 		break;}
0x05B4	0x2DBE      	GOTO       L_main103
L_main105:
;MyProject.c,254 :: 		else if(PORTB==0x13){
0x05B5	0x0806      	MOVF       PORTB, 0
0x05B6	0x3A13      	XORLW      19
0x05B7	0x1D03      	BTFSS      STATUS, 2
0x05B8	0x2DBA      	GOTO       L_main107
;MyProject.c,255 :: 		break;}
0x05B9	0x2DBE      	GOTO       L_main103
L_main107:
;MyProject.c,256 :: 		j++;}
0x05BA	0x0AA5      	INCF       main_j_L0, 1
0x05BB	0x1903      	BTFSC      STATUS, 2
0x05BC	0x0AA6      	INCF       main_j_L0+1, 1
0x05BD	0x2D97      	GOTO       L_main102
L_main103:
;MyProject.c,257 :: 		i++;
0x05BE	0x0AAB      	INCF       main_i_L0, 1
0x05BF	0x1903      	BTFSC      STATUS, 2
0x05C0	0x0AAC      	INCF       main_i_L0+1, 1
;MyProject.c,258 :: 		if(PORTB==0x15){
0x05C1	0x0806      	MOVF       PORTB, 0
0x05C2	0x3A15      	XORLW      21
0x05C3	0x1D03      	BTFSS      STATUS, 2
0x05C4	0x2DC6      	GOTO       L_main108
;MyProject.c,259 :: 		break;}
0x05C5	0x2DCC      	GOTO       L_main95
L_main108:
;MyProject.c,260 :: 		else if(PORTB==0x13){
0x05C6	0x0806      	MOVF       PORTB, 0
0x05C7	0x3A13      	XORLW      19
0x05C8	0x1D03      	BTFSS      STATUS, 2
0x05C9	0x2DCB      	GOTO       L_main110
;MyProject.c,261 :: 		break;}
0x05CA	0x2DCC      	GOTO       L_main95
L_main110:
;MyProject.c,262 :: 		}
0x05CB	0x2D65      	GOTO       L_main94
L_main95:
;MyProject.c,263 :: 		}}
L_main93:
L_main91:
L_main90:
;MyProject.c,266 :: 		}}
L_main67:
0x05CC	0x2C66      	GOTO       L_main65
L_main66:
;MyProject.c,268 :: 		if(PORTB ==0x06){
0x05CD	0x0806      	MOVF       PORTB, 0
0x05CE	0x3A06      	XORLW      6
0x05CF	0x1D03      	BTFSS      STATUS, 2
0x05D0	0x2DD6      	GOTO       L_main111
;MyProject.c,269 :: 		On_Off_flag=1;
0x05D1	0x3001      	MOVLW      1
0x05D2	0x00A7      	MOVWF      main_On_Off_flag_L0
0x05D3	0x3000      	MOVLW      0
0x05D4	0x00A8      	MOVWF      main_On_Off_flag_L0+1
;MyProject.c,270 :: 		break;}
0x05D5	0x2DD7      	GOTO       L_main6
L_main111:
;MyProject.c,272 :: 		}}
0x05D6	0x2AA2      	GOTO       L_main5
L_main6:
0x05D7	0x2DF2      	GOTO       L_main112
L_main3:
;MyProject.c,275 :: 		else if( On_Off_flag=1){
0x05D8	0x3001      	MOVLW      1
0x05D9	0x00A7      	MOVWF      main_On_Off_flag_L0
0x05DA	0x3000      	MOVLW      0
0x05DB	0x00A8      	MOVWF      main_On_Off_flag_L0+1
;MyProject.c,277 :: 		delay_ms(300);
0x05DC	0x3004      	MOVLW      4
0x05DD	0x00FB      	MOVWF      R11
0x05DE	0x300C      	MOVLW      12
0x05DF	0x00FC      	MOVWF      R12
0x05E0	0x3033      	MOVLW      51
0x05E1	0x00FD      	MOVWF      R13
L_main114:
0x05E2	0x0BFD      	DECFSZ     R13, 1
0x05E3	0x2DE2      	GOTO       L_main114
0x05E4	0x0BFC      	DECFSZ     R12, 1
0x05E5	0x2DE2      	GOTO       L_main114
0x05E6	0x0BFB      	DECFSZ     R11, 1
0x05E7	0x2DE2      	GOTO       L_main114
0x05E8	0x0000      	NOP
0x05E9	0x0000      	NOP
;MyProject.c,279 :: 		PORTB &=0x0F;
0x05EA	0x300F      	MOVLW      15
0x05EB	0x0586      	ANDWF      PORTB, 1
;MyProject.c,281 :: 		PORTA &=0xE7;
0x05EC	0x30E7      	MOVLW      231
0x05ED	0x0585      	ANDWF      PORTA, 1
;MyProject.c,283 :: 		PORTC&=0xDB;
0x05EE	0x30DB      	MOVLW      219
0x05EF	0x0587      	ANDWF      PORTC, 1
;MyProject.c,284 :: 		On_Off_flag=0;
0x05F0	0x01A7      	CLRF       main_On_Off_flag_L0
0x05F1	0x01A8      	CLRF       main_On_Off_flag_L0+1
;MyProject.c,285 :: 		}
L_main112:
;MyProject.c,288 :: 		}}}
L_main2:
0x05F2	0x2A7E      	GOTO       L_main0
L_end_main:
0x05F3	0x2DF3      	GOTO       $+0
; end of _main
Symbol List:
//** Routines locations **
//ADDRESS    SIZE    PROCEDURE
//----------------------------------------------
0x0003      [12]    _I2C_Master_Wait
0x000F       [7]    _RES032
0x0016      [12]    _SETFUN32
0x0022       [4]    _FIXSIGN32
0x0026       [6]    _I2C_NACK
0x002C      [12]    _SETFOV32
0x0038      [13]    _SETIOV3224
0x0045      [47]    _NRM3232
0x0074       [3]    _I2C_Master_Stop
0x0077       [6]    _I2C_Master_Write
0x007D       [5]    _I2C_Master_RepeatedStart
0x0082      [13]    _I2C_Read_Byte
0x008F       [3]    _I2C_Master_Start
0x0092      [29]    _Div_16X16_U
0x00AF      [22]    _word2double
0x00C5      [95]    _double2word
0x0124       [6]    _I2C_ACK
0x012A      [97]    _Mul_32x32_FP
0x018B      [32]    _Read_Temp
0x01AB      [43]    _EEPROM_Read_INT
0x01D6      [88]    _Print_2digits_Number
0x022E      [29]    _EEPROM_Write_INT
0x024B      [13]    _I2C_Master_Init
0x0258       [8]    _ADC_Init
0x0260     [916]    _main
//** Variables locations ** 
//ADDRESS    SIZE    VARIABLE
//----------------------------------------------
0x0000       [1]    INDF
0x0003       [1]    STATUS
0x0004       [1]    FSR
0x0005       [1]    PORTA
0x0006       [1]    PORTB
0x0007       [1]    PORTC
0x0008       [1]    PORTD
0x000A       [1]    PCLATH
0x000C       [0]    SSPIF_bit
0x0013       [1]    SSPBUF
0x0014       [1]    SSPCON
0x001E       [1]    ADRESH
0x001F       [1]    ADCON0
0x001F       [0]    GO_DONE_bit
0x0020       [1]    __math_tempbD
0x0021       [2]    ___DoICPAddr
0x0023       [2]    main_Setting_temp_L0
0x0025       [2]    main_j_L0
0x0027       [2]    main_On_Off_flag_L0
0x0029       [2]    main_count_L0
0x002B       [2]    main_i_L0
0x002D       [2]    main_x_L0
0x002F       [2]    FARG_EEPROM_Read_INT_add
0x002F       [2]    FARG_Print_2digits_Number_number
0x002F       [2]    FARG_EEPROM_Write_INT_add
0x0031       [2]    FARG_EEPROM_Write_INT_Data
0x0031       [2]    EEPROM_Read_INT_Data_L0
0x0031       [2]    Print_2digits_Number_tens_L0
0x0033       [2]    EEPROM_Read_INT_Data2_L0
0x0033      [10]    Print_2digits_Number_values_L0
0x003D       [2]    FLOC__Print_2digits_Number
0x003F       [1]    FARG_I2C_Master_Write_Data
0x0070       [1]    R0
0x0071       [1]    R1
0x0072       [1]    R2
0x0073       [1]    R3
0x0074       [1]    R4
0x0075       [1]    R5
0x0076       [1]    R6
0x0077       [1]    R7
0x0078       [1]    R8
0x0079       [1]    R9
0x007A       [1]    R10
0x007B       [1]    R11
0x007C       [1]    R12
0x007D       [1]    R13
0x007E       [1]    R14
0x007F       [1]    R15
0x0085       [0]    TRISA3_bit
0x0085       [0]    TRISA4_bit
0x0086       [1]    TRISB
0x0087       [0]    TRISC2_bit
0x0087       [0]    TRISC3_bit
0x0087       [0]    TRISC5_bit
0x0087       [0]    TRISC4_bit
0x0088       [1]    TRISD
0x0091       [0]    ACKEN_bit
0x0091       [0]    RSEN_bit
0x0091       [0]    SEN_bit
0x0091       [0]    RCEN_bit
0x0091       [0]    PEN_bit
0x0091       [1]    SSPCON2
0x0091       [0]    ACKDT_bit
0x0093       [1]    SSPADD
0x0094       [1]    SSPSTAT
0x009E       [1]    ADRESL
0x009F       [1]    ADCON1
